# JRE version: OpenJDK Runtime Environment (17.0.6) (build 17.0.6+0-b2043.56-10027231)
# Java VM: OpenJDK 64-Bit Server VM (17.0.6+0-b2043.56-10027231, mixed mode, tiered, compressed oops, compressed class ptrs, g1 gc, windows-amd64)
GC Precious Log:
 CPUs: 8 total, 8 available
 Memory: 7502M
 Large Page Support: Disabled
 NUMA Support: Disabled
 Compressed Oops: Enabled (32-bit)
 Heap Region Size: 1M
 Heap Min Capacity: 8M
 Heap Initial Capacity: 118M
 Heap Max Capacity: 1876M
 Pre-touch: Disabled
 Parallel Workers: 8
 Concurrent Workers: 2
 Concurrent Refinement Workers: 8
 Periodic GC: Disabled
Heap:
 garbage-first heap   total 84992K, used 28429K [0x000000008ac00000, 0x0000000100000000)
  region size 1024K, 3 young (3072K), 3 survivors (3072K)
 Metaspace       used 47179K, committed 47488K, reserved 1097728K
  class space    used 5738K, committed 5888K, reserved 1048576K
GC Heap History (20 events):
Event: 1.101 GC heap after
{Heap after GC invocations=1 (full 0):
 garbage-first heap   total 120832K, used 6784K [0x000000008ac00000, 0x0000000100000000)
  region size 1024K, 3 young (3072K), 3 survivors (3072K)
 Metaspace       used 13323K, committed 13440K, reserved 1064960K
  class space    used 1288K, committed 1344K, reserved 1048576K
}
Event: 2.082 GC heap before
{Heap before GC invocations=1 (full 0):
 garbage-first heap   total 120832K, used 39552K [0x000000008ac00000, 0x0000000100000000)
  region size 1024K, 36 young (36864K), 3 survivors (3072K)
 Metaspace       used 21429K, committed 21504K, reserved 1073152K
  class space    used 2396K, committed 2432K, reserved 1048576K
}
Event: 2.096 GC heap after
{Heap after GC invocations=2 (full 0):
 garbage-first heap   total 120832K, used 10554K [0x000000008ac00000, 0x0000000100000000)
  region size 1024K, 4 young (4096K), 4 survivors (4096K)
 Metaspace       used 21429K, committed 21504K, reserved 1073152K
  class space    used 2396K, committed 2432K, reserved 1048576K
}
Event: 2.681 GC heap before
{Heap before GC invocations=3 (full 0):
 garbage-first heap   total 40960K, used 31034K [0x000000008ac00000, 0x0000000100000000)
  region size 1024K, 24 young (24576K), 4 survivors (4096K)
 Metaspace       used 27478K, committed 27776K, reserved 1081344K
  class space    used 3177K, committed 3328K, reserved 1048576K
}
Event: 2.692 GC heap after
{Heap after GC invocations=4 (full 0):
 garbage-first heap   total 40960K, used 11365K [0x000000008ac00000, 0x0000000100000000)
  region size 1024K, 1 young (1024K), 1 survivors (1024K)
 Metaspace       used 27478K, committed 27776K, reserved 1081344K
  class space    used 3177K, committed 3328K, reserved 1048576K
}
Event: 2.738 GC heap before
{Heap before GC invocations=4 (full 0):
 garbage-first heap   total 40960K, used 11365K [0x000000008ac00000, 0x0000000100000000)
  region size 1024K, 2 young (2048K), 1 survivors (1024K)
 Metaspace       used 28007K, committed 28224K, reserved 1081344K
  class space    used 3287K, committed 3392K, reserved 1048576K
}
Event: 2.744 GC heap after
{Heap after GC invocations=5 (full 0):
 garbage-first heap   total 40960K, used 11842K [0x000000008ac00000, 0x0000000100000000)
  region size 1024K, 1 young (1024K), 1 survivors (1024K)
 Metaspace       used 28007K, committed 28224K, reserved 1081344K
  class space    used 3287K, committed 3392K, reserved 1048576K
}
Event: 3.200 GC heap before
{Heap before GC invocations=5 (full 0):
 garbage-first heap   total 40960K, used 32322K [0x000000008ac00000, 0x0000000100000000)
  region size 1024K, 19 young (19456K), 1 survivors (1024K)
 Metaspace       used 30197K, committed 30464K, reserved 1081344K
  class space    used 3780K, committed 3904K, reserved 1048576K
}
Event: 3.212 GC heap after
{Heap after GC invocations=6 (full 0):
 garbage-first heap   total 40960K, used 18290K [0x000000008ac00000, 0x0000000100000000)
  region size 1024K, 3 young (3072K), 3 survivors (3072K)
 Metaspace       used 30197K, committed 30464K, reserved 1081344K
  class space    used 3780K, committed 3904K, reserved 1048576K
}
Event: 3.608 GC heap before
{Heap before GC invocations=6 (full 0):
 garbage-first heap   total 40960K, used 30578K [0x000000008ac00000, 0x0000000100000000)
  region size 1024K, 15 young (15360K), 3 survivors (3072K)
 Metaspace       used 34267K, committed 34496K, reserved 1081344K
  class space    used 4430K, committed 4544K, reserved 1048576K
}
Event: 3.617 GC heap after
{Heap after GC invocations=7 (full 0):
 garbage-first heap   total 58368K, used 19264K [0x000000008ac00000, 0x0000000100000000)
  region size 1024K, 1 young (1024K), 1 survivors (1024K)
 Metaspace       used 34267K, committed 34496K, reserved 1081344K
  class space    used 4430K, committed 4544K, reserved 1048576K
}
Event: 3.862 GC heap before
{Heap before GC invocations=7 (full 0):
 garbage-first heap   total 58368K, used 27456K [0x000000008ac00000, 0x0000000100000000)
  region size 1024K, 11 young (11264K), 1 survivors (1024K)
 Metaspace       used 35869K, committed 36096K, reserved 1081344K
  class space    used 4609K, committed 4736K, reserved 1048576K
}
Event: 3.869 GC heap after
{Heap after GC invocations=8 (full 0):
 garbage-first heap   total 58368K, used 18624K [0x000000008ac00000, 0x0000000100000000)
  region size 1024K, 3 young (3072K), 3 survivors (3072K)
 Metaspace       used 35869K, committed 36096K, reserved 1081344K
  class space    used 4609K, committed 4736K, reserved 1048576K
}
Event: 4.336 GC heap before
{Heap before GC invocations=9 (full 0):
 garbage-first heap   total 58368K, used 39104K [0x000000008ac00000, 0x0000000100000000)
  region size 1024K, 24 young (24576K), 3 survivors (3072K)
 Metaspace       used 40156K, committed 40384K, reserved 1089536K
  class space    used 5009K, committed 5120K, reserved 1048576K
}
Event: 4.346 GC heap after
{Heap after GC invocations=10 (full 0):
 garbage-first heap   total 58368K, used 21122K [0x000000008ac00000, 0x0000000100000000)
  region size 1024K, 3 young (3072K), 3 survivors (3072K)
 Metaspace       used 40156K, committed 40384K, reserved 1089536K
  class space    used 5009K, committed 5120K, reserved 1048576K
}
Event: 4.366 GC heap before
{Heap before GC invocations=10 (full 0):
 garbage-first heap   total 58368K, used 21122K [0x000000008ac00000, 0x0000000100000000)
  region size 1024K, 4 young (4096K), 3 survivors (3072K)
 Metaspace       used 40376K, committed 40576K, reserved 1089536K
  class space    used 5023K, committed 5120K, reserved 1048576K
}
Event: 4.373 GC heap after
{Heap after GC invocations=11 (full 0):
 garbage-first heap   total 58368K, used 20788K [0x000000008ac00000, 0x0000000100000000)
  region size 1024K, 1 young (1024K), 1 survivors (1024K)
 Metaspace       used 40376K, committed 40576K, reserved 1089536K
  class space    used 5023K, committed 5120K, reserved 1048576K
}
Event: 5.094 GC heap before
{Heap before GC invocations=11 (full 0):
 garbage-first heap   total 58368K, used 43316K [0x000000008ac00000, 0x0000000100000000)
  region size 1024K, 21 young (21504K), 1 survivors (1024K)
 Metaspace       used 45231K, committed 45440K, reserved 1089536K
  class space    used 5555K, committed 5632K, reserved 1048576K
}
Event: 5.103 GC heap after
{Heap after GC invocations=12 (full 0):
 garbage-first heap   total 58368K, used 24675K [0x000000008ac00000, 0x0000000100000000)
  region size 1024K, 3 young (3072K), 3 survivors (3072K)
 Metaspace       used 45231K, committed 45440K, reserved 1089536K
  class space    used 5555K, committed 5632K, reserved 1048576K
}
Event: 5.726 GC heap before
{Heap before GC invocations=12 (full 0):
 garbage-first heap   total 58368K, used 43107K [0x000000008ac00000, 0x0000000100000000)
  region size 1024K, 21 young (21504K), 3 survivors (3072K)
 Metaspace       used 47179K, committed 47488K, reserved 1097728K
  class space    used 5738K, committed 5888K, reserved 1048576K
}

