# JRE version: OpenJDK Runtime Environment (17.0.10) (build 17.0.10+0--11609105)
# Java VM: OpenJDK 64-Bit Server VM (17.0.10+0--11609105, mixed mode, tiered, compressed oops, compressed class ptrs, g1 gc, windows-amd64)
GC Precious Log:
 CPUs: 8 total, 8 available
 Memory: 7502M
 Large Page Support: Disabled
 NUMA Support: Disabled
 Compressed Oops: Enabled (32-bit)
 Heap Region Size: 1M
 Heap Min Capacity: 8M
 Heap Initial Capacity: 118M
 Heap Max Capacity: 2G
 Pre-touch: Disabled
 Parallel Workers: 8
 Concurrent Workers: 2
 Concurrent Refinement Workers: 8
 Periodic GC: Disabled
Heap:
 garbage-first heap   total 380928K, used 229952K [0x0000000080000000, 0x0000000100000000)
  region size 1024K, 14 young (14336K), 4 survivors (4096K)
 Metaspace       used 125902K, committed 126720K, reserved 1179648K
  class space    used 16420K, committed 16832K, reserved 1048576K
GC Heap History (20 events):
Event: 22.480 GC heap before
{Heap before GC invocations=40 (full 0):
 garbage-first heap   total 283648K, used 214305K [0x0000000080000000, 0x0000000100000000)
  region size 1024K, 84 young (86016K), 9 survivors (9216K)
 Metaspace       used 114305K, committed 115072K, reserved 1179648K
  class space    used 15090K, committed 15488K, reserved 1048576K
}
Event: 22.520 GC heap after
{Heap after GC invocations=41 (full 0):
 garbage-first heap   total 283648K, used 150327K [0x0000000080000000, 0x0000000100000000)
  region size 1024K, 11 young (11264K), 11 survivors (11264K)
 Metaspace       used 114305K, committed 115072K, reserved 1179648K
  class space    used 15090K, committed 15488K, reserved 1048576K
}
Event: 22.812 GC heap before
{Heap before GC invocations=41 (full 0):
 garbage-first heap   total 283648K, used 219959K [0x0000000080000000, 0x0000000100000000)
  region size 1024K, 80 young (81920K), 11 survivors (11264K)
 Metaspace       used 115311K, committed 116096K, reserved 1179648K
  class space    used 15161K, committed 15552K, reserved 1048576K
}
Event: 22.820 GC heap after
{Heap after GC invocations=42 (full 0):
 garbage-first heap   total 283648K, used 151557K [0x0000000080000000, 0x0000000100000000)
  region size 1024K, 7 young (7168K), 7 survivors (7168K)
 Metaspace       used 115311K, committed 116096K, reserved 1179648K
  class space    used 15161K, committed 15552K, reserved 1048576K
}
Event: 23.601 GC heap before
{Heap before GC invocations=42 (full 0):
 garbage-first heap   total 283648K, used 222213K [0x0000000080000000, 0x0000000100000000)
  region size 1024K, 77 young (78848K), 7 survivors (7168K)
 Metaspace       used 117548K, committed 118336K, reserved 1179648K
  class space    used 15355K, committed 15744K, reserved 1048576K
}
Event: 23.606 GC heap after
{Heap after GC invocations=43 (full 0):
 garbage-first heap   total 283648K, used 150261K [0x0000000080000000, 0x0000000100000000)
  region size 1024K, 3 young (3072K), 3 survivors (3072K)
 Metaspace       used 117548K, committed 118336K, reserved 1179648K
  class space    used 15355K, committed 15744K, reserved 1048576K
}
Event: 24.390 GC heap before
{Heap before GC invocations=43 (full 0):
 garbage-first heap   total 283648K, used 228085K [0x0000000080000000, 0x0000000100000000)
  region size 1024K, 79 young (80896K), 3 survivors (3072K)
 Metaspace       used 119335K, committed 120128K, reserved 1179648K
  class space    used 15561K, committed 15936K, reserved 1048576K
}
Event: 24.398 GC heap after
{Heap after GC invocations=44 (full 0):
 garbage-first heap   total 283648K, used 156220K [0x0000000080000000, 0x0000000100000000)
  region size 1024K, 9 young (9216K), 9 survivors (9216K)
 Metaspace       used 119335K, committed 120128K, reserved 1179648K
  class space    used 15561K, committed 15936K, reserved 1048576K
}
Event: 25.284 GC heap before
{Heap before GC invocations=44 (full 0):
 garbage-first heap   total 283648K, used 228924K [0x0000000080000000, 0x0000000100000000)
  region size 1024K, 81 young (82944K), 9 survivors (9216K)
 Metaspace       used 120924K, committed 121728K, reserved 1179648K
  class space    used 15743K, committed 16128K, reserved 1048576K
}
Event: 25.299 GC heap after
{Heap after GC invocations=45 (full 0):
 garbage-first heap   total 283648K, used 161169K [0x0000000080000000, 0x0000000100000000)
  region size 1024K, 7 young (7168K), 7 survivors (7168K)
 Metaspace       used 120924K, committed 121728K, reserved 1179648K
  class space    used 15743K, committed 16128K, reserved 1048576K
}
Event: 25.812 GC heap before
{Heap before GC invocations=45 (full 0):
 garbage-first heap   total 283648K, used 230801K [0x0000000080000000, 0x0000000100000000)
  region size 1024K, 76 young (77824K), 7 survivors (7168K)
 Metaspace       used 121429K, committed 122304K, reserved 1179648K
  class space    used 15813K, committed 16256K, reserved 1048576K
}
Event: 25.822 GC heap after
{Heap after GC invocations=46 (full 0):
 garbage-first heap   total 283648K, used 165573K [0x0000000080000000, 0x0000000100000000)
  region size 1024K, 7 young (7168K), 7 survivors (7168K)
 Metaspace       used 121429K, committed 122304K, reserved 1179648K
  class space    used 15813K, committed 16256K, reserved 1048576K
}
Event: 26.581 GC heap before
{Heap before GC invocations=46 (full 0):
 garbage-first heap   total 283648K, used 243397K [0x0000000080000000, 0x0000000100000000)
  region size 1024K, 73 young (74752K), 7 survivors (7168K)
 Metaspace       used 124749K, committed 125632K, reserved 1179648K
  class space    used 16275K, committed 16704K, reserved 1048576K
}
Event: 26.592 GC heap after
{Heap after GC invocations=47 (full 0):
 garbage-first heap   total 283648K, used 184777K [0x0000000080000000, 0x0000000100000000)
  region size 1024K, 10 young (10240K), 10 survivors (10240K)
 Metaspace       used 124749K, committed 125632K, reserved 1179648K
  class space    used 16275K, committed 16704K, reserved 1048576K
}
Event: 26.754 GC heap before
{Heap before GC invocations=47 (full 0):
 garbage-first heap   total 283648K, used 227785K [0x0000000080000000, 0x0000000100000000)
  region size 1024K, 32 young (32768K), 10 survivors (10240K)
 Metaspace       used 125316K, committed 126208K, reserved 1179648K
  class space    used 16354K, committed 16768K, reserved 1048576K
}
Event: 26.760 GC heap after
{Heap after GC invocations=48 (full 0):
 garbage-first heap   total 283648K, used 201572K [0x0000000080000000, 0x0000000100000000)
  region size 1024K, 6 young (6144K), 6 survivors (6144K)
 Metaspace       used 125316K, committed 126208K, reserved 1179648K
  class space    used 16354K, committed 16768K, reserved 1048576K
}
Event: 27.073 GC heap before
{Heap before GC invocations=48 (full 0):
 garbage-first heap   total 283648K, used 244580K [0x0000000080000000, 0x0000000100000000)
  region size 1024K, 43 young (44032K), 6 survivors (6144K)
 Metaspace       used 125825K, committed 126656K, reserved 1179648K
  class space    used 16417K, committed 16832K, reserved 1048576K
}
Event: 27.086 GC heap after
{Heap after GC invocations=49 (full 0):
 garbage-first heap   total 283648K, used 211489K [0x0000000080000000, 0x0000000100000000)
  region size 1024K, 6 young (6144K), 6 survivors (6144K)
 Metaspace       used 125825K, committed 126656K, reserved 1179648K
  class space    used 16417K, committed 16832K, reserved 1048576K
}
Event: 27.298 GC heap before
{Heap before GC invocations=49 (full 0):
 garbage-first heap   total 283648K, used 238113K [0x0000000080000000, 0x0000000100000000)
  region size 1024K, 32 young (32768K), 6 survivors (6144K)
 Metaspace       used 125886K, committed 126720K, reserved 1179648K
  class space    used 16419K, committed 16832K, reserved 1048576K
}
Event: 27.312 GC heap after
{Heap after GC invocations=50 (full 0):
 garbage-first heap   total 380928K, used 219712K [0x0000000080000000, 0x0000000100000000)
  region size 1024K, 4 young (4096K), 4 survivors (4096K)
 Metaspace       used 125886K, committed 126720K, reserved 1179648K
  class space    used 16419K, committed 16832K, reserved 1048576K
}

