# JRE version: OpenJDK Runtime Environment (17.0.10) (build 17.0.10+0--11609105)
# Java VM: OpenJDK 64-Bit Server VM (17.0.10+0--11609105, mixed mode, tiered, compressed oops, compressed class ptrs, g1 gc, windows-amd64)
GC Precious Log:
 CPUs: 8 total, 8 available
 Memory: 7502M
 Large Page Support: Disabled
 NUMA Support: Disabled
 Compressed Oops: Enabled (32-bit)
 Heap Region Size: 1M
 Heap Min Capacity: 8M
 Heap Initial Capacity: 118M
 Heap Max Capacity: 2G
 Pre-touch: Disabled
 Parallel Workers: 8
 Concurrent Workers: 2
 Concurrent Refinement Workers: 8
 Periodic GC: Disabled
Heap:
 garbage-first heap   total 371712K, used 292521K [0x0000000080000000, 0x0000000100000000)
  region size 1024K, 4 young (4096K), 4 survivors (4096K)
 Metaspace       used 131903K, committed 132800K, reserved 1179648K
  class space    used 17491K, committed 17920K, reserved 1048576K
GC Heap History (20 events):
Event: 24.666 GC heap after
{Heap after GC invocations=34 (full 0):
 garbage-first heap   total 198656K, used 103844K [0x0000000080000000, 0x0000000100000000)
  region size 1024K, 6 young (6144K), 6 survivors (6144K)
 Metaspace       used 99501K, committed 100224K, reserved 1179648K
  class space    used 13552K, committed 13888K, reserved 1048576K
}
Event: 25.191 GC heap before
{Heap before GC invocations=34 (full 0):
 garbage-first heap   total 198656K, used 159140K [0x0000000080000000, 0x0000000100000000)
  region size 1024K, 61 young (62464K), 6 survivors (6144K)
 Metaspace       used 99705K, committed 100480K, reserved 1179648K
  class space    used 13579K, committed 13952K, reserved 1048576K
}
Event: 25.202 GC heap after
{Heap after GC invocations=35 (full 0):
 garbage-first heap   total 198656K, used 106968K [0x0000000080000000, 0x0000000100000000)
  region size 1024K, 5 young (5120K), 5 survivors (5120K)
 Metaspace       used 99705K, committed 100480K, reserved 1179648K
  class space    used 13579K, committed 13952K, reserved 1048576K
}
Event: 26.686 GC heap before
{Heap before GC invocations=35 (full 0):
 garbage-first heap   total 198656K, used 160216K [0x0000000080000000, 0x0000000100000000)
  region size 1024K, 58 young (59392K), 5 survivors (5120K)
 Metaspace       used 102927K, committed 103744K, reserved 1179648K
  class space    used 14003K, committed 14400K, reserved 1048576K
}
Event: 26.698 GC heap after
{Heap after GC invocations=36 (full 0):
 garbage-first heap   total 349184K, used 111273K [0x0000000080000000, 0x0000000100000000)
  region size 1024K, 6 young (6144K), 6 survivors (6144K)
 Metaspace       used 102927K, committed 103744K, reserved 1179648K
  class space    used 14003K, committed 14400K, reserved 1048576K
}
Event: 26.734 GC heap before
{Heap before GC invocations=36 (full 0):
 garbage-first heap   total 349184K, used 114345K [0x0000000080000000, 0x0000000100000000)
  region size 1024K, 11 young (11264K), 6 survivors (6144K)
 Metaspace       used 103074K, committed 103808K, reserved 1179648K
  class space    used 14022K, committed 14400K, reserved 1048576K
}
Event: 26.744 GC heap after
{Heap after GC invocations=37 (full 0):
 garbage-first heap   total 349184K, used 111831K [0x0000000080000000, 0x0000000100000000)
  region size 1024K, 7 young (7168K), 7 survivors (7168K)
 Metaspace       used 103074K, committed 103808K, reserved 1179648K
  class space    used 14022K, committed 14400K, reserved 1048576K
}
Event: 32.567 GC heap before
{Heap before GC invocations=38 (full 0):
 garbage-first heap   total 349184K, used 256215K [0x0000000080000000, 0x0000000100000000)
  region size 1024K, 147 young (150528K), 7 survivors (7168K)
 Metaspace       used 106860K, committed 107648K, reserved 1179648K
  class space    used 14560K, committed 14976K, reserved 1048576K
}
Event: 32.581 GC heap after
{Heap after GC invocations=39 (full 0):
 garbage-first heap   total 349184K, used 118326K [0x0000000080000000, 0x0000000100000000)
  region size 1024K, 13 young (13312K), 13 survivors (13312K)
 Metaspace       used 106860K, committed 107648K, reserved 1179648K
  class space    used 14560K, committed 14976K, reserved 1048576K
}
Event: 32.782 GC heap before
{Heap before GC invocations=39 (full 0):
 garbage-first heap   total 349184K, used 122422K [0x0000000080000000, 0x0000000100000000)
  region size 1024K, 17 young (17408K), 13 survivors (13312K)
 Metaspace       used 107974K, committed 108800K, reserved 1179648K
  class space    used 14623K, committed 15040K, reserved 1048576K
}
Event: 32.794 GC heap after
{Heap after GC invocations=40 (full 0):
 garbage-first heap   total 349184K, used 117599K [0x0000000080000000, 0x0000000100000000)
  region size 1024K, 2 young (2048K), 2 survivors (2048K)
 Metaspace       used 107974K, committed 108800K, reserved 1179648K
  class space    used 14623K, committed 15040K, reserved 1048576K
}
Event: 37.568 GC heap before
{Heap before GC invocations=40 (full 0):
 garbage-first heap   total 349184K, used 280415K [0x0000000080000000, 0x0000000100000000)
  region size 1024K, 152 young (155648K), 2 survivors (2048K)
 Metaspace       used 128753K, committed 129600K, reserved 1179648K
  class space    used 17069K, committed 17472K, reserved 1048576K
}
Event: 37.587 GC heap after
{Heap after GC invocations=41 (full 0):
 garbage-first heap   total 349184K, used 149404K [0x0000000080000000, 0x0000000100000000)
  region size 1024K, 19 young (19456K), 19 survivors (19456K)
 Metaspace       used 128753K, committed 129600K, reserved 1179648K
  class space    used 17069K, committed 17472K, reserved 1048576K
}
Event: 39.427 GC heap before
{Heap before GC invocations=42 (full 0):
 garbage-first heap   total 349184K, used 266140K [0x0000000080000000, 0x0000000100000000)
  region size 1024K, 133 young (136192K), 19 survivors (19456K)
 Metaspace       used 131823K, committed 132736K, reserved 1179648K
  class space    used 17491K, committed 17920K, reserved 1048576K
}
Event: 39.521 GC heap after
{Heap after GC invocations=43 (full 0):
 garbage-first heap   total 371712K, used 235177K [0x0000000080000000, 0x0000000100000000)
  region size 1024K, 17 young (17408K), 17 survivors (17408K)
 Metaspace       used 131823K, committed 132736K, reserved 1179648K
  class space    used 17491K, committed 17920K, reserved 1048576K
}
Event: 39.532 GC heap before
{Heap before GC invocations=43 (full 0):
 garbage-first heap   total 371712K, used 236201K [0x0000000080000000, 0x0000000100000000)
  region size 1024K, 18 young (18432K), 17 survivors (17408K)
 Metaspace       used 131823K, committed 132736K, reserved 1179648K
  class space    used 17491K, committed 17920K, reserved 1048576K
}
Event: 39.591 GC heap after
{Heap after GC invocations=44 (full 0):
 garbage-first heap   total 371712K, used 238249K [0x0000000080000000, 0x0000000100000000)
  region size 1024K, 3 young (3072K), 3 survivors (3072K)
 Metaspace       used 131823K, committed 132736K, reserved 1179648K
  class space    used 17491K, committed 17920K, reserved 1048576K
}
Event: 40.223 GC heap before
{Heap before GC invocations=44 (full 0):
 garbage-first heap   total 371712K, used 278185K [0x0000000080000000, 0x0000000100000000)
  region size 1024K, 42 young (43008K), 3 survivors (3072K)
 Metaspace       used 131903K, committed 132800K, reserved 1179648K
  class space    used 17491K, committed 17920K, reserved 1048576K
}
Event: 40.244 GC heap after
{Heap after GC invocations=45 (full 0):
 garbage-first heap   total 371712K, used 270505K [0x0000000080000000, 0x0000000100000000)
  region size 1024K, 6 young (6144K), 6 survivors (6144K)
 Metaspace       used 131903K, committed 132800K, reserved 1179648K
  class space    used 17491K, committed 17920K, reserved 1048576K
}
Event: 40.357 GC heap before
{Heap before GC invocations=45 (full 0):
 garbage-first heap   total 371712K, used 290985K [0x0000000080000000, 0x0000000100000000)
  region size 1024K, 26 young (26624K), 6 survivors (6144K)
 Metaspace       used 131903K, committed 132800K, reserved 1179648K
  class space    used 17491K, committed 17920K, reserved 1048576K
}

