# JRE version: OpenJDK Runtime Environment (17.0.6) (build 17.0.6+0-b2043.56-10027231)
# Java VM: OpenJDK 64-Bit Server VM (17.0.6+0-b2043.56-10027231, mixed mode, tiered, compressed oops, compressed class ptrs, g1 gc, windows-amd64)
GC Precious Log:
 CPUs: 8 total, 8 available
 Memory: 7502M
 Large Page Support: Disabled
 NUMA Support: Disabled
 Compressed Oops: Enabled (32-bit)
 Heap Region Size: 1M
 Heap Min Capacity: 8M
 Heap Initial Capacity: 118M
 Heap Max Capacity: 1876M
 Pre-touch: Disabled
 Parallel Workers: 8
 Concurrent Workers: 2
 Concurrent Refinement Workers: 8
 Periodic GC: Disabled
Heap:
 garbage-first heap   total 91136K, used 61189K [0x000000008ac00000, 0x0000000100000000)
  region size 1024K, 11 young (11264K), 3 survivors (3072K)
 Metaspace       used 61889K, committed 62144K, reserved 1105920K
  class space    used 7299K, committed 7424K, reserved 1048576K
GC Heap History (20 events):
Event: 3.375 GC heap before
{Heap before GC invocations=13 (full 0):
 garbage-first heap   total 65536K, used 47920K [0x000000008ac00000, 0x0000000100000000)
  region size 1024K, 22 young (22528K), 3 survivors (3072K)
 Metaspace       used 49069K, committed 49344K, reserved 1097728K
  class space    used 5968K, committed 6080K, reserved 1048576K
}
Event: 3.381 GC heap after
{Heap after GC invocations=14 (full 0):
 garbage-first heap   total 65536K, used 29590K [0x000000008ac00000, 0x0000000100000000)
  region size 1024K, 2 young (2048K), 2 survivors (2048K)
 Metaspace       used 49069K, committed 49344K, reserved 1097728K
  class space    used 5968K, committed 6080K, reserved 1048576K
}
Event: 3.622 GC heap before
{Heap before GC invocations=14 (full 0):
 garbage-first heap   total 65536K, used 43926K [0x000000008ac00000, 0x0000000100000000)
  region size 1024K, 15 young (15360K), 2 survivors (2048K)
 Metaspace       used 50584K, committed 50880K, reserved 1097728K
  class space    used 6135K, committed 6272K, reserved 1048576K
}
Event: 3.630 GC heap after
{Heap after GC invocations=15 (full 0):
 garbage-first heap   total 65536K, used 34464K [0x000000008ac00000, 0x0000000100000000)
  region size 1024K, 3 young (3072K), 3 survivors (3072K)
 Metaspace       used 50584K, committed 50880K, reserved 1097728K
  class space    used 6135K, committed 6272K, reserved 1048576K
}
Event: 3.702 GC heap before
{Heap before GC invocations=16 (full 0):
 garbage-first heap   total 65536K, used 49824K [0x000000008ac00000, 0x0000000100000000)
  region size 1024K, 18 young (18432K), 3 survivors (3072K)
 Metaspace       used 50624K, committed 50944K, reserved 1097728K
  class space    used 6135K, committed 6272K, reserved 1048576K
}
Event: 3.706 GC heap after
{Heap after GC invocations=17 (full 0):
 garbage-first heap   total 65536K, used 35695K [0x000000008ac00000, 0x0000000100000000)
  region size 1024K, 2 young (2048K), 2 survivors (2048K)
 Metaspace       used 50624K, committed 50944K, reserved 1097728K
  class space    used 6135K, committed 6272K, reserved 1048576K
}
Event: 3.921 GC heap before
{Heap before GC invocations=17 (full 0):
 garbage-first heap   total 65536K, used 50031K [0x000000008ac00000, 0x0000000100000000)
  region size 1024K, 16 young (16384K), 2 survivors (2048K)
 Metaspace       used 52115K, committed 52416K, reserved 1097728K
  class space    used 6303K, committed 6464K, reserved 1048576K
}
Event: 3.924 GC heap after
{Heap after GC invocations=18 (full 0):
 garbage-first heap   total 65536K, used 36037K [0x000000008ac00000, 0x0000000100000000)
  region size 1024K, 2 young (2048K), 2 survivors (2048K)
 Metaspace       used 52115K, committed 52416K, reserved 1097728K
  class space    used 6303K, committed 6464K, reserved 1048576K
}
Event: 4.213 GC heap before
{Heap before GC invocations=19 (full 0):
 garbage-first heap   total 65536K, used 50373K [0x000000008ac00000, 0x0000000100000000)
  region size 1024K, 17 young (17408K), 2 survivors (2048K)
 Metaspace       used 54289K, committed 54592K, reserved 1097728K
  class space    used 6512K, committed 6656K, reserved 1048576K
}
Event: 4.220 GC heap after
{Heap after GC invocations=20 (full 0):
 garbage-first heap   total 65536K, used 38912K [0x000000008ac00000, 0x0000000100000000)
  region size 1024K, 3 young (3072K), 3 survivors (3072K)
 Metaspace       used 54289K, committed 54592K, reserved 1097728K
  class space    used 6512K, committed 6656K, reserved 1048576K
}
Event: 4.236 GC heap before
{Heap before GC invocations=20 (full 0):
 garbage-first heap   total 65536K, used 39936K [0x000000008ac00000, 0x0000000100000000)
  region size 1024K, 4 young (4096K), 3 survivors (3072K)
 Metaspace       used 54294K, committed 54592K, reserved 1097728K
  class space    used 6512K, committed 6656K, reserved 1048576K
}
Event: 4.244 GC heap after
{Heap after GC invocations=21 (full 0):
 garbage-first heap   total 88064K, used 39071K [0x000000008ac00000, 0x0000000100000000)
  region size 1024K, 1 young (1024K), 1 survivors (1024K)
 Metaspace       used 54294K, committed 54592K, reserved 1097728K
  class space    used 6512K, committed 6656K, reserved 1048576K
}
Event: 4.889 GC heap before
{Heap before GC invocations=21 (full 0):
 garbage-first heap   total 88064K, used 66719K [0x000000008ac00000, 0x0000000100000000)
  region size 1024K, 28 young (28672K), 1 survivors (1024K)
 Metaspace       used 58208K, committed 58496K, reserved 1105920K
  class space    used 6947K, committed 7104K, reserved 1048576K
}
Event: 4.897 GC heap after
{Heap after GC invocations=22 (full 0):
 garbage-first heap   total 88064K, used 42081K [0x000000008ac00000, 0x0000000100000000)
  region size 1024K, 4 young (4096K), 4 survivors (4096K)
 Metaspace       used 58208K, committed 58496K, reserved 1105920K
  class space    used 6947K, committed 7104K, reserved 1048576K
}
Event: 5.482 GC heap before
{Heap before GC invocations=22 (full 0):
 garbage-first heap   total 88064K, used 66657K [0x000000008ac00000, 0x0000000100000000)
  region size 1024K, 29 young (29696K), 4 survivors (4096K)
 Metaspace       used 59348K, committed 59648K, reserved 1105920K
  class space    used 7027K, committed 7168K, reserved 1048576K
}
Event: 5.495 GC heap after
{Heap after GC invocations=23 (full 0):
 garbage-first heap   total 88064K, used 46821K [0x000000008ac00000, 0x0000000100000000)
  region size 1024K, 4 young (4096K), 4 survivors (4096K)
 Metaspace       used 59348K, committed 59648K, reserved 1105920K
  class space    used 7027K, committed 7168K, reserved 1048576K
}
Event: 5.832 GC heap before
{Heap before GC invocations=23 (full 0):
 garbage-first heap   total 88064K, used 68325K [0x000000008ac00000, 0x0000000100000000)
  region size 1024K, 25 young (25600K), 4 survivors (4096K)
 Metaspace       used 59549K, committed 59840K, reserved 1105920K
  class space    used 7031K, committed 7168K, reserved 1048576K
}
Event: 5.845 GC heap after
{Heap after GC invocations=24 (full 0):
 garbage-first heap   total 88064K, used 51125K [0x000000008ac00000, 0x0000000100000000)
  region size 1024K, 4 young (4096K), 4 survivors (4096K)
 Metaspace       used 59549K, committed 59840K, reserved 1105920K
  class space    used 7031K, committed 7168K, reserved 1048576K
}
Event: 6.209 GC heap before
{Heap before GC invocations=25 (full 0):
 garbage-first heap   total 91136K, used 69557K [0x000000008ac00000, 0x0000000100000000)
  region size 1024K, 22 young (22528K), 4 survivors (4096K)
 Metaspace       used 60741K, committed 60992K, reserved 1105920K
  class space    used 7188K, committed 7296K, reserved 1048576K
}
Event: 6.221 GC heap after
{Heap after GC invocations=26 (full 0):
 garbage-first heap   total 91136K, used 54021K [0x000000008ac00000, 0x0000000100000000)
  region size 1024K, 3 young (3072K), 3 survivors (3072K)
 Metaspace       used 60741K, committed 60992K, reserved 1105920K
  class space    used 7188K, committed 7296K, reserved 1048576K
}

