# JRE version: OpenJDK Runtime Environment (17.0.6) (build 17.0.6+0-b2043.56-10027231)
# Java VM: OpenJDK 64-Bit Server VM (17.0.6+0-b2043.56-10027231, mixed mode, tiered, compressed oops, compressed class ptrs, g1 gc, windows-amd64)
GC Precious Log:
 CPUs: 8 total, 8 available
 Memory: 7502M
 Large Page Support: Disabled
 NUMA Support: Disabled
 Compressed Oops: Enabled (32-bit)
 Heap Region Size: 1M
 Heap Min Capacity: 8M
 Heap Initial Capacity: 118M
 Heap Max Capacity: 2G
 Pre-touch: Disabled
 Parallel Workers: 8
 Concurrent Workers: 2
 Concurrent Refinement Workers: 8
 Periodic GC: Disabled
Heap:
 garbage-first heap   total 101376K, used 68804K [0x0000000080000000, 0x0000000100000000)
  region size 1024K, 13 young (13312K), 1 survivors (1024K)
 Metaspace       used 67145K, committed 67648K, reserved 1114112K
  class space    used 8814K, committed 9024K, reserved 1048576K
GC Heap History (20 events):
Event: 16.620 GC heap before
{Heap before GC invocations=14 (full 0):
 garbage-first heap   total 68608K, used 53817K [0x0000000080000000, 0x0000000100000000)
  region size 1024K, 24 young (24576K), 3 survivors (3072K)
 Metaspace       used 51276K, committed 51712K, reserved 1097728K
  class space    used 6865K, committed 7104K, reserved 1048576K
}
Event: 16.624 GC heap after
{Heap after GC invocations=15 (full 0):
 garbage-first heap   total 68608K, used 33446K [0x0000000080000000, 0x0000000100000000)
  region size 1024K, 2 young (2048K), 2 survivors (2048K)
 Metaspace       used 51276K, committed 51712K, reserved 1097728K
  class space    used 6865K, committed 7104K, reserved 1048576K
}
Event: 17.477 GC heap before
{Heap before GC invocations=15 (full 0):
 garbage-first heap   total 68608K, used 53926K [0x0000000080000000, 0x0000000100000000)
  region size 1024K, 22 young (22528K), 2 survivors (2048K)
 Metaspace       used 52872K, committed 53376K, reserved 1097728K
  class space    used 7064K, committed 7296K, reserved 1048576K
}
Event: 17.482 GC heap after
{Heap after GC invocations=16 (full 0):
 garbage-first heap   total 68608K, used 35651K [0x0000000080000000, 0x0000000100000000)
  region size 1024K, 3 young (3072K), 3 survivors (3072K)
 Metaspace       used 52872K, committed 53376K, reserved 1097728K
  class space    used 7064K, committed 7296K, reserved 1048576K
}
Event: 18.816 GC heap before
{Heap before GC invocations=17 (full 0):
 garbage-first heap   total 68608K, used 55107K [0x0000000080000000, 0x0000000100000000)
  region size 1024K, 22 young (22528K), 3 survivors (3072K)
 Metaspace       used 58802K, committed 59264K, reserved 1105920K
  class space    used 7824K, committed 8064K, reserved 1048576K
}
Event: 18.825 GC heap after
{Heap after GC invocations=18 (full 0):
 garbage-first heap   total 68608K, used 38522K [0x0000000080000000, 0x0000000100000000)
  region size 1024K, 3 young (3072K), 3 survivors (3072K)
 Metaspace       used 58802K, committed 59264K, reserved 1105920K
  class space    used 7824K, committed 8064K, reserved 1048576K
}
Event: 22.710 GC heap before
{Heap before GC invocations=18 (full 0):
 garbage-first heap   total 68608K, used 53882K [0x0000000080000000, 0x0000000100000000)
  region size 1024K, 19 young (19456K), 3 survivors (3072K)
 Metaspace       used 59975K, committed 60416K, reserved 1105920K
  class space    used 7960K, committed 8192K, reserved 1048576K
}
Event: 22.716 GC heap after
{Heap after GC invocations=19 (full 0):
 garbage-first heap   total 68608K, used 41397K [0x0000000080000000, 0x0000000100000000)
  region size 1024K, 3 young (3072K), 3 survivors (3072K)
 Metaspace       used 59975K, committed 60416K, reserved 1105920K
  class space    used 7960K, committed 8192K, reserved 1048576K
}
Event: 23.155 GC heap before
{Heap before GC invocations=20 (full 0):
 garbage-first heap   total 76800K, used 53685K [0x0000000080000000, 0x0000000100000000)
  region size 1024K, 16 young (16384K), 3 survivors (3072K)
 Metaspace       used 60308K, committed 60800K, reserved 1105920K
  class space    used 7999K, committed 8256K, reserved 1048576K
}
Event: 23.160 GC heap after
{Heap after GC invocations=21 (full 0):
 garbage-first heap   total 76800K, used 42063K [0x0000000080000000, 0x0000000100000000)
  region size 1024K, 2 young (2048K), 2 survivors (2048K)
 Metaspace       used 60308K, committed 60800K, reserved 1105920K
  class space    used 7999K, committed 8256K, reserved 1048576K
}
Event: 23.776 GC heap before
{Heap before GC invocations=22 (full 0):
 garbage-first heap   total 81920K, used 68687K [0x0000000080000000, 0x0000000100000000)
  region size 1024K, 19 young (19456K), 2 survivors (2048K)
 Metaspace       used 61586K, committed 62144K, reserved 1105920K
  class space    used 8152K, committed 8384K, reserved 1048576K
}
Event: 23.781 GC heap after
{Heap after GC invocations=23 (full 0):
 garbage-first heap   total 81920K, used 57849K [0x0000000080000000, 0x0000000100000000)
  region size 1024K, 3 young (3072K), 3 survivors (3072K)
 Metaspace       used 61586K, committed 62144K, reserved 1105920K
  class space    used 8152K, committed 8384K, reserved 1048576K
}
Event: 23.817 GC heap before
{Heap before GC invocations=23 (full 0):
 garbage-first heap   total 81920K, used 58873K [0x0000000080000000, 0x0000000100000000)
  region size 1024K, 4 young (4096K), 3 survivors (3072K)
 Metaspace       used 61689K, committed 62272K, reserved 1105920K
  class space    used 8171K, committed 8448K, reserved 1048576K
}
Event: 23.820 GC heap after
{Heap after GC invocations=24 (full 0):
 garbage-first heap   total 81920K, used 57330K [0x0000000080000000, 0x0000000100000000)
  region size 1024K, 1 young (1024K), 1 survivors (1024K)
 Metaspace       used 61689K, committed 62272K, reserved 1105920K
  class space    used 8171K, committed 8448K, reserved 1048576K
}
Event: 24.206 GC heap before
{Heap before GC invocations=24 (full 0):
 garbage-first heap   total 81920K, used 66546K [0x0000000080000000, 0x0000000100000000)
  region size 1024K, 10 young (10240K), 1 survivors (1024K)
 Metaspace       used 62930K, committed 63424K, reserved 1105920K
  class space    used 8351K, committed 8576K, reserved 1048576K
}
Event: 24.209 GC heap after
{Heap after GC invocations=25 (full 0):
 garbage-first heap   total 81920K, used 57587K [0x0000000080000000, 0x0000000100000000)
  region size 1024K, 1 young (1024K), 1 survivors (1024K)
 Metaspace       used 62930K, committed 63424K, reserved 1105920K
  class space    used 8351K, committed 8576K, reserved 1048576K
}
Event: 24.558 GC heap before
{Heap before GC invocations=26 (full 0):
 garbage-first heap   total 101376K, used 67827K [0x0000000080000000, 0x0000000100000000)
  region size 1024K, 11 young (11264K), 1 survivors (1024K)
 Metaspace       used 64496K, committed 65088K, reserved 1105920K
  class space    used 8536K, committed 8832K, reserved 1048576K
}
Event: 24.561 GC heap after
{Heap after GC invocations=27 (full 0):
 garbage-first heap   total 101376K, used 57984K [0x0000000080000000, 0x0000000100000000)
  region size 1024K, 1 young (1024K), 1 survivors (1024K)
 Metaspace       used 64496K, committed 65088K, reserved 1105920K
  class space    used 8536K, committed 8832K, reserved 1048576K
}
Event: 24.642 GC heap before
{Heap before GC invocations=27 (full 0):
 garbage-first heap   total 101376K, used 60032K [0x0000000080000000, 0x0000000100000000)
  region size 1024K, 4 young (4096K), 1 survivors (1024K)
 Metaspace       used 65041K, committed 65600K, reserved 1105920K
  class space    used 8594K, committed 8832K, reserved 1048576K
}
Event: 24.646 GC heap after
{Heap after GC invocations=28 (full 0):
 garbage-first heap   total 101376K, used 57540K [0x0000000080000000, 0x0000000100000000)
  region size 1024K, 1 young (1024K), 1 survivors (1024K)
 Metaspace       used 65041K, committed 65600K, reserved 1105920K
  class space    used 8594K, committed 8832K, reserved 1048576K
}

