# JRE version: OpenJDK Runtime Environment (17.0.6) (build 17.0.6+0-b2043.56-10027231)
# Java VM: OpenJDK 64-Bit Server VM (17.0.6+0-b2043.56-10027231, mixed mode, tiered, compressed oops, compressed class ptrs, g1 gc, windows-amd64)
GC Precious Log:
 CPUs: 8 total, 8 available
 Memory: 7502M
 Large Page Support: Disabled
 NUMA Support: Disabled
 Compressed Oops: Enabled (32-bit)
 Heap Region Size: 1M
 Heap Min Capacity: 8M
 Heap Initial Capacity: 118M
 Heap Max Capacity: 2G
 Pre-touch: Disabled
 Parallel Workers: 8
 Concurrent Workers: 2
 Concurrent Refinement Workers: 8
 Periodic GC: Disabled
Heap:
 garbage-first heap   total 136192K, used 91473K [0x0000000080000000, 0x0000000100000000)
  region size 1024K, 2 young (2048K), 2 survivors (2048K)
 Metaspace       used 101817K, committed 102464K, reserved 1138688K
  class space    used 13580K, committed 13888K, reserved 1048576K
GC Heap History (20 events):
Event: 20.747 GC heap after
{Heap after GC invocations=22 (full 0):
 garbage-first heap   total 136192K, used 70746K [0x0000000080000000, 0x0000000100000000)
  region size 1024K, 6 young (6144K), 6 survivors (6144K)
 Metaspace       used 77542K, committed 78144K, reserved 1122304K
  class space    used 10270K, committed 10560K, reserved 1048576K
}
Event: 21.812 GC heap before
{Heap before GC invocations=23 (full 0):
 garbage-first heap   total 136192K, used 109658K [0x0000000080000000, 0x0000000100000000)
  region size 1024K, 43 young (44032K), 6 survivors (6144K)
 Metaspace       used 82120K, committed 82752K, reserved 1122304K
  class space    used 11047K, committed 11328K, reserved 1048576K
}
Event: 21.823 GC heap after
{Heap after GC invocations=24 (full 0):
 garbage-first heap   total 136192K, used 73008K [0x0000000080000000, 0x0000000100000000)
  region size 1024K, 3 young (3072K), 3 survivors (3072K)
 Metaspace       used 82120K, committed 82752K, reserved 1122304K
  class space    used 11047K, committed 11328K, reserved 1048576K
}
Event: 21.917 GC heap before
{Heap before GC invocations=24 (full 0):
 garbage-first heap   total 136192K, used 76080K [0x0000000080000000, 0x0000000100000000)
  region size 1024K, 6 young (6144K), 3 survivors (3072K)
 Metaspace       used 82473K, committed 83136K, reserved 1122304K
  class space    used 11133K, committed 11456K, reserved 1048576K
}
Event: 21.922 GC heap after
{Heap after GC invocations=25 (full 0):
 garbage-first heap   total 136192K, used 73258K [0x0000000080000000, 0x0000000100000000)
  region size 1024K, 1 young (1024K), 1 survivors (1024K)
 Metaspace       used 82473K, committed 83136K, reserved 1122304K
  class space    used 11133K, committed 11456K, reserved 1048576K
}
Event: 22.852 GC heap before
{Heap before GC invocations=25 (full 0):
 garbage-first heap   total 136192K, used 110122K [0x0000000080000000, 0x0000000100000000)
  region size 1024K, 37 young (37888K), 1 survivors (1024K)
 Metaspace       used 86293K, committed 86912K, reserved 1130496K
  class space    used 11705K, committed 12032K, reserved 1048576K
}
Event: 22.857 GC heap after
{Heap after GC invocations=26 (full 0):
 garbage-first heap   total 136192K, used 75552K [0x0000000080000000, 0x0000000100000000)
  region size 1024K, 3 young (3072K), 3 survivors (3072K)
 Metaspace       used 86293K, committed 86912K, reserved 1130496K
  class space    used 11705K, committed 12032K, reserved 1048576K
}
Event: 23.779 GC heap before
{Heap before GC invocations=27 (full 0):
 garbage-first heap   total 136192K, used 110368K [0x0000000080000000, 0x0000000100000000)
  region size 1024K, 38 young (38912K), 3 survivors (3072K)
 Metaspace       used 89148K, committed 89728K, reserved 1130496K
  class space    used 12092K, committed 12352K, reserved 1048576K
}
Event: 23.790 GC heap after
{Heap after GC invocations=28 (full 0):
 garbage-first heap   total 136192K, used 80868K [0x0000000080000000, 0x0000000100000000)
  region size 1024K, 5 young (5120K), 5 survivors (5120K)
 Metaspace       used 89148K, committed 89728K, reserved 1130496K
  class space    used 12092K, committed 12352K, reserved 1048576K
}
Event: 23.825 GC heap before
{Heap before GC invocations=28 (full 0):
 garbage-first heap   total 136192K, used 81892K [0x0000000080000000, 0x0000000100000000)
  region size 1024K, 6 young (6144K), 5 survivors (5120K)
 Metaspace       used 89344K, committed 89984K, reserved 1130496K
  class space    used 12115K, committed 12416K, reserved 1048576K
}
Event: 23.831 GC heap after
{Heap after GC invocations=29 (full 0):
 garbage-first heap   total 136192K, used 81336K [0x0000000080000000, 0x0000000100000000)
  region size 1024K, 1 young (1024K), 1 survivors (1024K)
 Metaspace       used 89344K, committed 89984K, reserved 1130496K
  class space    used 12115K, committed 12416K, reserved 1048576K
}
Event: 26.005 GC heap before
{Heap before GC invocations=29 (full 0):
 garbage-first heap   total 136192K, used 111032K [0x0000000080000000, 0x0000000100000000)
  region size 1024K, 30 young (30720K), 1 survivors (1024K)
 Metaspace       used 95216K, committed 95872K, reserved 1138688K
  class space    used 12735K, committed 13056K, reserved 1048576K
}
Event: 26.007 GC heap after
{Heap after GC invocations=30 (full 0):
 garbage-first heap   total 136192K, used 81608K [0x0000000080000000, 0x0000000100000000)
  region size 1024K, 2 young (2048K), 2 survivors (2048K)
 Metaspace       used 95216K, committed 95872K, reserved 1138688K
  class space    used 12735K, committed 13056K, reserved 1048576K
}
Event: 37.399 GC heap before
{Heap before GC invocations=30 (full 0):
 garbage-first heap   total 136192K, used 111304K [0x0000000080000000, 0x0000000100000000)
  region size 1024K, 31 young (31744K), 2 survivors (2048K)
 Metaspace       used 95866K, committed 96512K, reserved 1138688K
  class space    used 12766K, committed 13056K, reserved 1048576K
}
Event: 37.404 GC heap after
{Heap after GC invocations=31 (full 0):
 garbage-first heap   total 136192K, used 84319K [0x0000000080000000, 0x0000000100000000)
  region size 1024K, 4 young (4096K), 4 survivors (4096K)
 Metaspace       used 95866K, committed 96512K, reserved 1138688K
  class space    used 12766K, committed 13056K, reserved 1048576K
}
Event: 37.918 GC heap before
{Heap before GC invocations=31 (full 0):
 garbage-first heap   total 136192K, used 111967K [0x0000000080000000, 0x0000000100000000)
  region size 1024K, 31 young (31744K), 4 survivors (4096K)
 Metaspace       used 96229K, committed 96896K, reserved 1138688K
  class space    used 12778K, committed 13120K, reserved 1048576K
}
Event: 37.926 GC heap after
{Heap after GC invocations=32 (full 0):
 garbage-first heap   total 136192K, used 87516K [0x0000000080000000, 0x0000000100000000)
  region size 1024K, 4 young (4096K), 4 survivors (4096K)
 Metaspace       used 96229K, committed 96896K, reserved 1138688K
  class space    used 12778K, committed 13120K, reserved 1048576K
}
Event: 38.411 GC heap before
{Heap before GC invocations=32 (full 0):
 garbage-first heap   total 136192K, used 112092K [0x0000000080000000, 0x0000000100000000)
  region size 1024K, 28 young (28672K), 4 survivors (4096K)
 Metaspace       used 97878K, committed 98560K, reserved 1138688K
  class space    used 13000K, committed 13312K, reserved 1048576K
}
Event: 38.418 GC heap after
{Heap after GC invocations=33 (full 0):
 garbage-first heap   total 136192K, used 89889K [0x0000000080000000, 0x0000000100000000)
  region size 1024K, 3 young (3072K), 3 survivors (3072K)
 Metaspace       used 97878K, committed 98560K, reserved 1138688K
  class space    used 13000K, committed 13312K, reserved 1048576K
}
Event: 39.202 GC heap before
{Heap before GC invocations=33 (full 0):
 garbage-first heap   total 136192K, used 113441K [0x0000000080000000, 0x0000000100000000)
  region size 1024K, 26 young (26624K), 3 survivors (3072K)
 Metaspace       used 101817K, committed 102464K, reserved 1138688K
  class space    used 13580K, committed 13888K, reserved 1048576K
}

