# JRE version: OpenJDK Runtime Environment (17.0.6) (build 17.0.6+0-b2043.56-10027231)
# Java VM: OpenJDK 64-Bit Server VM (17.0.6+0-b2043.56-10027231, mixed mode, tiered, compressed oops, compressed class ptrs, g1 gc, windows-amd64)
GC Precious Log:
 CPUs: 8 total, 8 available
 Memory: 7502M
 Large Page Support: Disabled
 NUMA Support: Disabled
 Compressed Oops: Enabled (32-bit)
 Heap Region Size: 1M
 Heap Min Capacity: 8M
 Heap Initial Capacity: 118M
 Heap Max Capacity: 2G
 Pre-touch: Disabled
 Parallel Workers: 8
 Concurrent Workers: 2
 Concurrent Refinement Workers: 8
 Periodic GC: Disabled
Heap:
 garbage-first heap   total 378880K, used 191019K [0x0000000080000000, 0x0000000100000000)
  region size 1024K, 3 young (3072K), 3 survivors (3072K)
 Metaspace       used 135546K, committed 136576K, reserved 1171456K
  class space    used 17592K, committed 18112K, reserved 1048576K
GC Heap History (20 events):
Event: 72.112 GC heap after
{Heap after GC invocations=42 (full 0):
 garbage-first heap   total 258048K, used 162816K [0x0000000080000000, 0x0000000100000000)
  region size 1024K, 11 young (11264K), 11 survivors (11264K)
 Metaspace       used 119121K, committed 120000K, reserved 1155072K
  class space    used 15747K, committed 16192K, reserved 1048576K
}
Event: 73.715 GC heap before
{Heap before GC invocations=42 (full 0):
 garbage-first heap   total 258048K, used 210944K [0x0000000080000000, 0x0000000100000000)
  region size 1024K, 51 young (52224K), 11 survivors (11264K)
 Metaspace       used 121655K, committed 122560K, reserved 1163264K
  class space    used 16075K, committed 16512K, reserved 1048576K
}
Event: 73.735 GC heap after
{Heap after GC invocations=43 (full 0):
 garbage-first heap   total 258048K, used 169200K [0x0000000080000000, 0x0000000100000000)
  region size 1024K, 7 young (7168K), 7 survivors (7168K)
 Metaspace       used 121655K, committed 122560K, reserved 1163264K
  class space    used 16075K, committed 16512K, reserved 1048576K
}
Event: 74.623 GC heap before
{Heap before GC invocations=44 (full 0):
 garbage-first heap   total 290816K, used 221424K [0x0000000080000000, 0x0000000100000000)
  region size 1024K, 43 young (44032K), 7 survivors (7168K)
 Metaspace       used 121969K, committed 122944K, reserved 1163264K
  class space    used 16106K, committed 16576K, reserved 1048576K
}
Event: 74.636 GC heap after
{Heap after GC invocations=45 (full 0):
 garbage-first heap   total 290816K, used 171502K [0x0000000080000000, 0x0000000100000000)
  region size 1024K, 4 young (4096K), 4 survivors (4096K)
 Metaspace       used 121969K, committed 122944K, reserved 1163264K
  class space    used 16106K, committed 16576K, reserved 1048576K
}
Event: 74.662 GC heap before
{Heap before GC invocations=45 (full 0):
 garbage-first heap   total 290816K, used 180718K [0x0000000080000000, 0x0000000100000000)
  region size 1024K, 14 young (14336K), 4 survivors (4096K)
 Metaspace       used 121999K, committed 122944K, reserved 1163264K
  class space    used 16108K, committed 16576K, reserved 1048576K
}
Event: 74.673 GC heap after
{Heap after GC invocations=46 (full 0):
 garbage-first heap   total 290816K, used 168832K [0x0000000080000000, 0x0000000100000000)
  region size 1024K, 2 young (2048K), 2 survivors (2048K)
 Metaspace       used 121999K, committed 122944K, reserved 1163264K
  class space    used 16108K, committed 16576K, reserved 1048576K
}
Event: 75.396 GC heap before
{Heap before GC invocations=46 (full 0):
 garbage-first heap   total 290816K, used 231296K [0x0000000080000000, 0x0000000100000000)
  region size 1024K, 64 young (65536K), 2 survivors (2048K)
 Metaspace       used 125320K, committed 126272K, reserved 1163264K
  class space    used 16381K, committed 16896K, reserved 1048576K
}
Event: 75.405 GC heap after
{Heap after GC invocations=47 (full 0):
 garbage-first heap   total 290816K, used 175683K [0x0000000080000000, 0x0000000100000000)
  region size 1024K, 8 young (8192K), 8 survivors (8192K)
 Metaspace       used 125320K, committed 126272K, reserved 1163264K
  class space    used 16381K, committed 16896K, reserved 1048576K
}
Event: 75.810 GC heap before
{Heap before GC invocations=47 (full 0):
 garbage-first heap   total 290816K, used 234051K [0x0000000080000000, 0x0000000100000000)
  region size 1024K, 66 young (67584K), 8 survivors (8192K)
 Metaspace       used 126006K, committed 126976K, reserved 1163264K
  class space    used 16435K, committed 16896K, reserved 1048576K
}
Event: 75.823 GC heap after
{Heap after GC invocations=48 (full 0):
 garbage-first heap   total 290816K, used 177746K [0x0000000080000000, 0x0000000100000000)
  region size 1024K, 5 young (5120K), 5 survivors (5120K)
 Metaspace       used 126006K, committed 126976K, reserved 1163264K
  class space    used 16435K, committed 16896K, reserved 1048576K
}
Event: 77.885 GC heap before
{Heap before GC invocations=48 (full 0):
 garbage-first heap   total 290816K, used 238162K [0x0000000080000000, 0x0000000100000000)
  region size 1024K, 64 young (65536K), 5 survivors (5120K)
 Metaspace       used 128332K, committed 129280K, reserved 1163264K
  class space    used 16637K, committed 17088K, reserved 1048576K
}
Event: 77.893 GC heap after
{Heap after GC invocations=49 (full 0):
 garbage-first heap   total 290816K, used 177424K [0x0000000080000000, 0x0000000100000000)
  region size 1024K, 2 young (2048K), 2 survivors (2048K)
 Metaspace       used 128332K, committed 129280K, reserved 1163264K
  class space    used 16637K, committed 17088K, reserved 1048576K
}
Event: 80.649 GC heap before
{Heap before GC invocations=49 (full 0):
 garbage-first heap   total 290816K, used 239888K [0x0000000080000000, 0x0000000100000000)
  region size 1024K, 64 young (65536K), 2 survivors (2048K)
 Metaspace       used 131212K, committed 132160K, reserved 1171456K
  class space    used 16998K, committed 17472K, reserved 1048576K
}
Event: 80.658 GC heap after
{Heap after GC invocations=50 (full 0):
 garbage-first heap   total 290816K, used 183095K [0x0000000080000000, 0x0000000100000000)
  region size 1024K, 7 young (7168K), 7 survivors (7168K)
 Metaspace       used 131212K, committed 132160K, reserved 1171456K
  class space    used 16998K, committed 17472K, reserved 1048576K
}
Event: 81.925 GC heap before
{Heap before GC invocations=50 (full 0):
 garbage-first heap   total 290816K, used 246583K [0x0000000080000000, 0x0000000100000000)
  region size 1024K, 54 young (55296K), 7 survivors (7168K)
 Metaspace       used 135216K, committed 136256K, reserved 1171456K
  class space    used 17544K, committed 18048K, reserved 1048576K
}
Event: 81.940 GC heap after
{Heap after GC invocations=51 (full 0):
 garbage-first heap   total 290816K, used 206381K [0x0000000080000000, 0x0000000100000000)
  region size 1024K, 9 young (9216K), 9 survivors (9216K)
 Metaspace       used 135216K, committed 136256K, reserved 1171456K
  class space    used 17544K, committed 18048K, reserved 1048576K
}
Event: 82.300 GC heap before
{Heap before GC invocations=52 (full 0):
 garbage-first heap   total 378880K, used 244269K [0x0000000080000000, 0x0000000100000000)
  region size 1024K, 46 young (47104K), 9 survivors (9216K)
 Metaspace       used 135546K, committed 136576K, reserved 1171456K
  class space    used 17592K, committed 18112K, reserved 1048576K
}
Event: 82.327 GC heap after
{Heap after GC invocations=53 (full 0):
 garbage-first heap   total 378880K, used 206978K [0x0000000080000000, 0x0000000100000000)
  region size 1024K, 6 young (6144K), 6 survivors (6144K)
 Metaspace       used 135546K, committed 136576K, reserved 1171456K
  class space    used 17592K, committed 18112K, reserved 1048576K
}
Event: 82.423 GC heap before
{Heap before GC invocations=53 (full 0):
 garbage-first heap   total 378880K, used 220290K [0x0000000080000000, 0x0000000100000000)
  region size 1024K, 18 young (18432K), 6 survivors (6144K)
 Metaspace       used 135546K, committed 136576K, reserved 1171456K
  class space    used 17592K, committed 18112K, reserved 1048576K
}

