# JRE version: OpenJDK Runtime Environment (17.0.6) (build 17.0.6+0-b2043.56-10027231)
# Java VM: OpenJDK 64-Bit Server VM (17.0.6+0-b2043.56-10027231, mixed mode, tiered, compressed oops, compressed class ptrs, g1 gc, windows-amd64)
GC Precious Log:
 CPUs: 8 total, 8 available
 Memory: 7502M
 Large Page Support: Disabled
 NUMA Support: Disabled
 Compressed Oops: Enabled (32-bit)
 Heap Region Size: 1M
 Heap Min Capacity: 8M
 Heap Initial Capacity: 118M
 Heap Max Capacity: 2G
 Pre-touch: Disabled
 Parallel Workers: 8
 Concurrent Workers: 2
 Concurrent Refinement Workers: 8
 Periodic GC: Disabled
Heap:
 garbage-first heap   total 152576K, used 88936K [0x0000000080000000, 0x0000000100000000)
  region size 1024K, 1 young (1024K), 1 survivors (1024K)
 Metaspace       used 96572K, committed 97216K, reserved 1138688K
  class space    used 13162K, committed 13504K, reserved 1048576K
GC Heap History (20 events):
Event: 14.215 GC heap after
{Heap after GC invocations=34 (full 0):
 garbage-first heap   total 152576K, used 59264K [0x0000000080000000, 0x0000000100000000)
  region size 1024K, 3 young (3072K), 3 survivors (3072K)
 Metaspace       used 66028K, committed 66560K, reserved 1114112K
  class space    used 8729K, committed 8960K, reserved 1048576K
}
Event: 15.314 GC heap before
{Heap before GC invocations=34 (full 0):
 garbage-first heap   total 152576K, used 103296K [0x0000000080000000, 0x0000000100000000)
  region size 1024K, 46 young (47104K), 3 survivors (3072K)
 Metaspace       used 70164K, committed 70784K, reserved 1114112K
  class space    used 9272K, committed 9536K, reserved 1048576K
}
Event: 15.322 GC heap after
{Heap after GC invocations=35 (full 0):
 garbage-first heap   total 152576K, used 62613K [0x0000000080000000, 0x0000000100000000)
  region size 1024K, 6 young (6144K), 6 survivors (6144K)
 Metaspace       used 70164K, committed 70784K, reserved 1114112K
  class space    used 9272K, committed 9536K, reserved 1048576K
}
Event: 16.636 GC heap before
{Heap before GC invocations=35 (full 0):
 garbage-first heap   total 152576K, used 109717K [0x0000000080000000, 0x0000000100000000)
  region size 1024K, 52 young (53248K), 6 survivors (6144K)
 Metaspace       used 75836K, committed 76416K, reserved 1122304K
  class space    used 10067K, committed 10368K, reserved 1048576K
}
Event: 16.647 GC heap after
{Heap after GC invocations=36 (full 0):
 garbage-first heap   total 152576K, used 65868K [0x0000000080000000, 0x0000000100000000)
  region size 1024K, 7 young (7168K), 7 survivors (7168K)
 Metaspace       used 75836K, committed 76416K, reserved 1122304K
  class space    used 10067K, committed 10368K, reserved 1048576K
}
Event: 17.689 GC heap before
{Heap before GC invocations=36 (full 0):
 garbage-first heap   total 152576K, used 113996K [0x0000000080000000, 0x0000000100000000)
  region size 1024K, 54 young (55296K), 7 survivors (7168K)
 Metaspace       used 78217K, committed 78784K, reserved 1122304K
  class space    used 10351K, committed 10624K, reserved 1048576K
}
Event: 17.701 GC heap after
{Heap after GC invocations=37 (full 0):
 garbage-first heap   total 152576K, used 70311K [0x0000000080000000, 0x0000000100000000)
  region size 1024K, 7 young (7168K), 7 survivors (7168K)
 Metaspace       used 78217K, committed 78784K, reserved 1122304K
  class space    used 10351K, committed 10624K, reserved 1048576K
}
Event: 18.993 GC heap before
{Heap before GC invocations=37 (full 0):
 garbage-first heap   total 152576K, used 117415K [0x0000000080000000, 0x0000000100000000)
  region size 1024K, 53 young (54272K), 7 survivors (7168K)
 Metaspace       used 83753K, committed 84416K, reserved 1122304K
  class space    used 11325K, committed 11648K, reserved 1048576K
}
Event: 19.004 GC heap after
{Heap after GC invocations=38 (full 0):
 garbage-first heap   total 152576K, used 73565K [0x0000000080000000, 0x0000000100000000)
  region size 1024K, 3 young (3072K), 3 survivors (3072K)
 Metaspace       used 83753K, committed 84416K, reserved 1122304K
  class space    used 11325K, committed 11648K, reserved 1048576K
}
Event: 20.191 GC heap before
{Heap before GC invocations=38 (full 0):
 garbage-first heap   total 152576K, used 120669K [0x0000000080000000, 0x0000000100000000)
  region size 1024K, 49 young (50176K), 3 survivors (3072K)
 Metaspace       used 88390K, committed 89024K, reserved 1130496K
  class space    used 12022K, committed 12288K, reserved 1048576K
}
Event: 20.201 GC heap after
{Heap after GC invocations=39 (full 0):
 garbage-first heap   total 152576K, used 76726K [0x0000000080000000, 0x0000000100000000)
  region size 1024K, 7 young (7168K), 7 survivors (7168K)
 Metaspace       used 88390K, committed 89024K, reserved 1130496K
  class space    used 12022K, committed 12288K, reserved 1048576K
}
Event: 21.272 GC heap before
{Heap before GC invocations=40 (full 0):
 garbage-first heap   total 152576K, used 120758K [0x0000000080000000, 0x0000000100000000)
  region size 1024K, 50 young (51200K), 7 survivors (7168K)
 Metaspace       used 93702K, committed 94336K, reserved 1130496K
  class space    used 12793K, committed 13120K, reserved 1048576K
}
Event: 21.283 GC heap after
{Heap after GC invocations=41 (full 0):
 garbage-first heap   total 152576K, used 80163K [0x0000000080000000, 0x0000000100000000)
  region size 1024K, 7 young (7168K), 7 survivors (7168K)
 Metaspace       used 93702K, committed 94336K, reserved 1130496K
  class space    used 12793K, committed 13120K, reserved 1048576K
}
Event: 21.317 GC heap before
{Heap before GC invocations=41 (full 0):
 garbage-first heap   total 152576K, used 81187K [0x0000000080000000, 0x0000000100000000)
  region size 1024K, 8 young (8192K), 7 survivors (7168K)
 Metaspace       used 93778K, committed 94400K, reserved 1130496K
  class space    used 12803K, committed 13120K, reserved 1048576K
}
Event: 21.325 GC heap after
{Heap after GC invocations=42 (full 0):
 garbage-first heap   total 152576K, used 80135K [0x0000000080000000, 0x0000000100000000)
  region size 1024K, 1 young (1024K), 1 survivors (1024K)
 Metaspace       used 93778K, committed 94400K, reserved 1130496K
  class space    used 12803K, committed 13120K, reserved 1048576K
}
Event: 22.223 GC heap before
{Heap before GC invocations=42 (full 0):
 garbage-first heap   total 152576K, used 123143K [0x0000000080000000, 0x0000000100000000)
  region size 1024K, 43 young (44032K), 1 survivors (1024K)
 Metaspace       used 96303K, committed 96960K, reserved 1138688K
  class space    used 13136K, committed 13440K, reserved 1048576K
}
Event: 22.232 GC heap after
{Heap after GC invocations=43 (full 0):
 garbage-first heap   total 152576K, used 83485K [0x0000000080000000, 0x0000000100000000)
  region size 1024K, 5 young (5120K), 5 survivors (5120K)
 Metaspace       used 96303K, committed 96960K, reserved 1138688K
  class space    used 13136K, committed 13440K, reserved 1048576K
}
Event: 22.845 GC heap before
{Heap before GC invocations=44 (full 0):
 garbage-first heap   total 152576K, used 123421K [0x0000000080000000, 0x0000000100000000)
  region size 1024K, 44 young (45056K), 5 survivors (5120K)
 Metaspace       used 96572K, committed 97216K, reserved 1138688K
  class space    used 13162K, committed 13504K, reserved 1048576K
}
Event: 22.855 GC heap after
{Heap after GC invocations=45 (full 0):
 garbage-first heap   total 152576K, used 89164K [0x0000000080000000, 0x0000000100000000)
  region size 1024K, 6 young (6144K), 6 survivors (6144K)
 Metaspace       used 96572K, committed 97216K, reserved 1138688K
  class space    used 13162K, committed 13504K, reserved 1048576K
}
Event: 22.871 GC heap before
{Heap before GC invocations=45 (full 0):
 garbage-first heap   total 152576K, used 90188K [0x0000000080000000, 0x0000000100000000)
  region size 1024K, 7 young (7168K), 6 survivors (6144K)
 Metaspace       used 96572K, committed 97216K, reserved 1138688K
  class space    used 13162K, committed 13504K, reserved 1048576K
}

