# JRE version: OpenJDK Runtime Environment (17.0.10) (build 17.0.10+0--11609105)
# Java VM: OpenJDK 64-Bit Server VM (17.0.10+0--11609105, mixed mode, tiered, compressed oops, compressed class ptrs, g1 gc, windows-amd64)
GC Precious Log:
 CPUs: 8 total, 8 available
 Memory: 7502M
 Large Page Support: Disabled
 NUMA Support: Disabled
 Compressed Oops: Enabled (32-bit)
 Heap Region Size: 1M
 Heap Min Capacity: 8M
 Heap Initial Capacity: 118M
 Heap Max Capacity: 2G
 Pre-touch: Disabled
 Parallel Workers: 8
 Concurrent Workers: 2
 Concurrent Refinement Workers: 8
 Periodic GC: Disabled
Heap:
 garbage-first heap   total 346112K, used 164036K [0x0000000080000000, 0x0000000100000000)
  region size 1024K, 12 young (12288K), 9 survivors (9216K)
 Metaspace       used 117622K, committed 118464K, reserved 1179648K
  class space    used 15544K, committed 15936K, reserved 1048576K
GC Heap History (20 events):
Event: 13.673 GC heap before
{Heap before GC invocations=35 (full 0):
 garbage-first heap   total 152576K, used 90897K [0x0000000080000000, 0x0000000100000000)
  region size 1024K, 7 young (7168K), 6 survivors (6144K)
 Metaspace       used 98834K, committed 99584K, reserved 1179648K
  class space    used 13503K, committed 13888K, reserved 1048576K
}
Event: 13.679 GC heap after
{Heap after GC invocations=36 (full 0):
 garbage-first heap   total 152576K, used 89726K [0x0000000080000000, 0x0000000100000000)
  region size 1024K, 1 young (1024K), 1 survivors (1024K)
 Metaspace       used 98834K, committed 99584K, reserved 1179648K
  class space    used 13503K, committed 13888K, reserved 1048576K
}
Event: 13.931 GC heap before
{Heap before GC invocations=36 (full 0):
 garbage-first heap   total 152576K, used 123518K [0x0000000080000000, 0x0000000100000000)
  region size 1024K, 35 young (35840K), 1 survivors (1024K)
 Metaspace       used 99494K, committed 100224K, reserved 1179648K
  class space    used 13644K, committed 14016K, reserved 1048576K
}
Event: 13.937 GC heap after
{Heap after GC invocations=37 (full 0):
 garbage-first heap   total 152576K, used 93386K [0x0000000080000000, 0x0000000100000000)
  region size 1024K, 5 young (5120K), 5 survivors (5120K)
 Metaspace       used 99494K, committed 100224K, reserved 1179648K
  class space    used 13644K, committed 14016K, reserved 1048576K
}
Event: 14.124 GC heap before
{Heap before GC invocations=37 (full 0):
 garbage-first heap   total 152576K, used 124106K [0x0000000080000000, 0x0000000100000000)
  region size 1024K, 36 young (36864K), 5 survivors (5120K)
 Metaspace       used 99615K, committed 100352K, reserved 1179648K
  class space    used 13644K, committed 14016K, reserved 1048576K
}
Event: 14.129 GC heap after
{Heap after GC invocations=38 (full 0):
 garbage-first heap   total 287744K, used 94911K [0x0000000080000000, 0x0000000100000000)
  region size 1024K, 4 young (4096K), 4 survivors (4096K)
 Metaspace       used 99615K, committed 100352K, reserved 1179648K
  class space    used 13644K, committed 14016K, reserved 1048576K
}
Event: 16.005 GC heap before
{Heap before GC invocations=38 (full 0):
 garbage-first heap   total 287744K, used 216767K [0x0000000080000000, 0x0000000100000000)
  region size 1024K, 115 young (117760K), 4 survivors (4096K)
 Metaspace       used 103123K, committed 103872K, reserved 1179648K
  class space    used 14037K, committed 14400K, reserved 1048576K
}
Event: 16.047 GC heap after
{Heap after GC invocations=39 (full 0):
 garbage-first heap   total 287744K, used 123904K [0x0000000080000000, 0x0000000100000000)
  region size 1024K, 15 young (15360K), 15 survivors (15360K)
 Metaspace       used 103123K, committed 103872K, reserved 1179648K
  class space    used 14037K, committed 14400K, reserved 1048576K
}
Event: 17.602 GC heap before
{Heap before GC invocations=39 (full 0):
 garbage-first heap   total 287744K, used 233472K [0x0000000080000000, 0x0000000100000000)
  region size 1024K, 98 young (100352K), 15 survivors (15360K)
 Metaspace       used 106215K, committed 106944K, reserved 1179648K
  class space    used 14408K, committed 14784K, reserved 1048576K
}
Event: 17.617 GC heap after
{Heap after GC invocations=40 (full 0):
 garbage-first heap   total 287744K, used 134559K [0x0000000080000000, 0x0000000100000000)
  region size 1024K, 10 young (10240K), 10 survivors (10240K)
 Metaspace       used 106215K, committed 106944K, reserved 1179648K
  class space    used 14408K, committed 14784K, reserved 1048576K
}
Event: 18.015 GC heap before
{Heap before GC invocations=40 (full 0):
 garbage-first heap   total 287744K, used 212383K [0x0000000080000000, 0x0000000100000000)
  region size 1024K, 87 young (89088K), 10 survivors (10240K)
 Metaspace       used 109579K, committed 110336K, reserved 1179648K
  class space    used 14690K, committed 15104K, reserved 1048576K
}
Event: 18.027 GC heap after
{Heap after GC invocations=41 (full 0):
 garbage-first heap   total 287744K, used 143639K [0x0000000080000000, 0x0000000100000000)
  region size 1024K, 9 young (9216K), 9 survivors (9216K)
 Metaspace       used 109579K, committed 110336K, reserved 1179648K
  class space    used 14690K, committed 15104K, reserved 1048576K
}
Event: 18.330 GC heap before
{Heap before GC invocations=41 (full 0):
 garbage-first heap   total 287744K, used 218391K [0x0000000080000000, 0x0000000100000000)
  region size 1024K, 83 young (84992K), 9 survivors (9216K)
 Metaspace       used 110692K, committed 111488K, reserved 1179648K
  class space    used 14776K, committed 15168K, reserved 1048576K
}
Event: 18.340 GC heap after
{Heap after GC invocations=42 (full 0):
 garbage-first heap   total 287744K, used 148324K [0x0000000080000000, 0x0000000100000000)
  region size 1024K, 9 young (9216K), 9 survivors (9216K)
 Metaspace       used 110692K, committed 111488K, reserved 1179648K
  class space    used 14776K, committed 15168K, reserved 1048576K
}
Event: 19.045 GC heap before
{Heap before GC invocations=42 (full 0):
 garbage-first heap   total 287744K, used 224100K [0x0000000080000000, 0x0000000100000000)
  region size 1024K, 83 young (84992K), 9 survivors (9216K)
 Metaspace       used 113166K, committed 113984K, reserved 1179648K
  class space    used 15002K, committed 15424K, reserved 1048576K
}
Event: 19.053 GC heap after
{Heap after GC invocations=43 (full 0):
 garbage-first heap   total 346112K, used 148274K [0x0000000080000000, 0x0000000100000000)
  region size 1024K, 6 young (6144K), 6 survivors (6144K)
 Metaspace       used 113166K, committed 113984K, reserved 1179648K
  class space    used 15002K, committed 15424K, reserved 1048576K
}
Event: 20.612 GC heap before
{Heap before GC invocations=43 (full 0):
 garbage-first heap   total 346112K, used 270130K [0x0000000080000000, 0x0000000100000000)
  region size 1024K, 126 young (129024K), 6 survivors (6144K)
 Metaspace       used 116135K, committed 116928K, reserved 1179648K
  class space    used 15342K, committed 15744K, reserved 1048576K
}
Event: 20.624 GC heap after
{Heap after GC invocations=44 (full 0):
 garbage-first heap   total 346112K, used 155925K [0x0000000080000000, 0x0000000100000000)
  region size 1024K, 13 young (13312K), 13 survivors (13312K)
 Metaspace       used 116135K, committed 116928K, reserved 1179648K
  class space    used 15342K, committed 15744K, reserved 1048576K
}
Event: 21.395 GC heap before
{Heap before GC invocations=44 (full 0):
 garbage-first heap   total 346112K, used 277781K [0x0000000080000000, 0x0000000100000000)
  region size 1024K, 127 young (130048K), 13 survivors (13312K)
 Metaspace       used 117614K, committed 118400K, reserved 1179648K
  class space    used 15544K, committed 15936K, reserved 1048576K
}
Event: 21.414 GC heap after
{Heap after GC invocations=45 (full 0):
 garbage-first heap   total 346112K, used 161988K [0x0000000080000000, 0x0000000100000000)
  region size 1024K, 9 young (9216K), 9 survivors (9216K)
 Metaspace       used 117614K, committed 118400K, reserved 1179648K
  class space    used 15544K, committed 15936K, reserved 1048576K
}

