# JRE version: OpenJDK Runtime Environment (17.0.6) (build 17.0.6+0-b2043.56-10027231)
# Java VM: OpenJDK 64-Bit Server VM (17.0.6+0-b2043.56-10027231, mixed mode, tiered, compressed oops, compressed class ptrs, g1 gc, windows-amd64)
GC Precious Log:
 CPUs: 8 total, 8 available
 Memory: 7502M
 Large Page Support: Disabled
 NUMA Support: Disabled
 Compressed Oops: Enabled (32-bit)
 Heap Region Size: 1M
 Heap Min Capacity: 8M
 Heap Initial Capacity: 118M
 Heap Max Capacity: 2G
 Pre-touch: Disabled
 Parallel Workers: 8
 Concurrent Workers: 2
 Concurrent Refinement Workers: 8
 Periodic GC: Disabled
Heap:
 garbage-first heap   total 408576K, used 302274K [0x0000000080000000, 0x0000000100000000)
  region size 1024K, 4 young (4096K), 4 survivors (4096K)
 Metaspace       used 126630K, committed 127488K, reserved 1163264K
  class space    used 16905K, committed 17344K, reserved 1048576K
GC Heap History (20 events):
Event: 29.374 GC heap after
{Heap after GC invocations=48 (full 0):
 garbage-first heap   total 232448K, used 145266K [0x0000000080000000, 0x0000000100000000)
  region size 1024K, 7 young (7168K), 7 survivors (7168K)
 Metaspace       used 106142K, committed 106880K, reserved 1146880K
  class space    used 14273K, committed 14656K, reserved 1048576K
}
Event: 29.759 GC heap before
{Heap before GC invocations=48 (full 0):
 garbage-first heap   total 232448K, used 202610K [0x0000000080000000, 0x0000000100000000)
  region size 1024K, 47 young (48128K), 7 survivors (7168K)
 Metaspace       used 106828K, committed 107584K, reserved 1146880K
  class space    used 14323K, committed 14720K, reserved 1048576K
}
Event: 29.773 GC heap after
{Heap after GC invocations=49 (full 0):
 garbage-first heap   total 232448K, used 155562K [0x0000000080000000, 0x0000000100000000)
  region size 1024K, 6 young (6144K), 6 survivors (6144K)
 Metaspace       used 106828K, committed 107584K, reserved 1146880K
  class space    used 14323K, committed 14720K, reserved 1048576K
}
Event: 30.103 GC heap before
{Heap before GC invocations=49 (full 0):
 garbage-first heap   total 232448K, used 189354K [0x0000000080000000, 0x0000000100000000)
  region size 1024K, 40 young (40960K), 6 survivors (6144K)
 Metaspace       used 109655K, committed 110336K, reserved 1146880K
  class space    used 14578K, committed 14912K, reserved 1048576K
}
Event: 30.112 GC heap after
{Heap after GC invocations=50 (full 0):
 garbage-first heap   total 232448K, used 161062K [0x0000000080000000, 0x0000000100000000)
  region size 1024K, 5 young (5120K), 5 survivors (5120K)
 Metaspace       used 109655K, committed 110336K, reserved 1146880K
  class space    used 14578K, committed 14912K, reserved 1048576K
}
Event: 30.294 GC heap before
{Heap before GC invocations=50 (full 0):
 garbage-first heap   total 232448K, used 191782K [0x0000000080000000, 0x0000000100000000)
  region size 1024K, 36 young (36864K), 5 survivors (5120K)
 Metaspace       used 109828K, committed 110528K, reserved 1146880K
  class space    used 14579K, committed 14912K, reserved 1048576K
}
Event: 30.299 GC heap after
{Heap after GC invocations=51 (full 0):
 garbage-first heap   total 232448K, used 162077K [0x0000000080000000, 0x0000000100000000)
  region size 1024K, 2 young (2048K), 2 survivors (2048K)
 Metaspace       used 109828K, committed 110528K, reserved 1146880K
  class space    used 14579K, committed 14912K, reserved 1048576K
}
Event: 30.493 GC heap before
{Heap before GC invocations=51 (full 0):
 garbage-first heap   total 232448K, used 194845K [0x0000000080000000, 0x0000000100000000)
  region size 1024K, 34 young (34816K), 2 survivors (2048K)
 Metaspace       used 110370K, committed 111104K, reserved 1146880K
  class space    used 14622K, committed 14976K, reserved 1048576K
}
Event: 30.503 GC heap after
{Heap after GC invocations=52 (full 0):
 garbage-first heap   total 407552K, used 163095K [0x0000000080000000, 0x0000000100000000)
  region size 1024K, 3 young (3072K), 3 survivors (3072K)
 Metaspace       used 110370K, committed 111104K, reserved 1146880K
  class space    used 14622K, committed 14976K, reserved 1048576K
}
Event: 32.316 GC heap before
{Heap before GC invocations=52 (full 0):
 garbage-first heap   total 407552K, used 289047K [0x0000000080000000, 0x0000000100000000)
  region size 1024K, 126 young (129024K), 3 survivors (3072K)
 Metaspace       used 113246K, committed 114048K, reserved 1155072K
  class space    used 14913K, committed 15296K, reserved 1048576K
}
Event: 32.330 GC heap after
{Heap after GC invocations=53 (full 0):
 garbage-first heap   total 407552K, used 169620K [0x0000000080000000, 0x0000000100000000)
  region size 1024K, 9 young (9216K), 9 survivors (9216K)
 Metaspace       used 113246K, committed 114048K, reserved 1155072K
  class space    used 14913K, committed 15296K, reserved 1048576K
}
Event: 34.094 GC heap before
{Heap before GC invocations=53 (full 0):
 garbage-first heap   total 407552K, used 311956K [0x0000000080000000, 0x0000000100000000)
  region size 1024K, 149 young (152576K), 9 survivors (9216K)
 Metaspace       used 115680K, committed 116416K, reserved 1155072K
  class space    used 15205K, committed 15552K, reserved 1048576K
}
Event: 34.126 GC heap after
{Heap after GC invocations=54 (full 0):
 garbage-first heap   total 407552K, used 179886K [0x0000000080000000, 0x0000000100000000)
  region size 1024K, 19 young (19456K), 19 survivors (19456K)
 Metaspace       used 115680K, committed 116416K, reserved 1155072K
  class space    used 15205K, committed 15552K, reserved 1048576K
}
Event: 35.840 GC heap before
{Heap before GC invocations=54 (full 0):
 garbage-first heap   total 407552K, used 358062K [0x0000000080000000, 0x0000000100000000)
  region size 1024K, 153 young (156672K), 19 survivors (19456K)
 Metaspace       used 120086K, committed 121024K, reserved 1155072K
  class space    used 15805K, committed 16256K, reserved 1048576K
}
Event: 36.003 GC heap after
{Heap after GC invocations=55 (full 0):
 garbage-first heap   total 408576K, used 234258K [0x0000000080000000, 0x0000000100000000)
  region size 1024K, 20 young (20480K), 20 survivors (20480K)
 Metaspace       used 120086K, committed 121024K, reserved 1155072K
  class space    used 15805K, committed 16256K, reserved 1048576K
}
Event: 36.570 GC heap before
{Heap before GC invocations=55 (full 0):
 garbage-first heap   total 408576K, used 319250K [0x0000000080000000, 0x0000000100000000)
  region size 1024K, 104 young (106496K), 20 survivors (20480K)
 Metaspace       used 122858K, committed 123712K, reserved 1163264K
  class space    used 16360K, committed 16768K, reserved 1048576K
}
Event: 36.629 GC heap after
{Heap after GC invocations=56 (full 0):
 garbage-first heap   total 408576K, used 272384K [0x0000000080000000, 0x0000000100000000)
  region size 1024K, 13 young (13312K), 13 survivors (13312K)
 Metaspace       used 122858K, committed 123712K, reserved 1163264K
  class space    used 16360K, committed 16768K, reserved 1048576K
}
Event: 37.187 GC heap before
{Heap before GC invocations=56 (full 0):
 garbage-first heap   total 408576K, used 323584K [0x0000000080000000, 0x0000000100000000)
  region size 1024K, 64 young (65536K), 13 survivors (13312K)
 Metaspace       used 124560K, committed 125440K, reserved 1163264K
  class space    used 16597K, committed 17024K, reserved 1048576K
}
Event: 37.234 GC heap after
{Heap after GC invocations=57 (full 0):
 garbage-first heap   total 408576K, used 296960K [0x0000000080000000, 0x0000000100000000)
  region size 1024K, 8 young (8192K), 8 survivors (8192K)
 Metaspace       used 124560K, committed 125440K, reserved 1163264K
  class space    used 16597K, committed 17024K, reserved 1048576K
}
Event: 37.855 GC heap before
{Heap before GC invocations=57 (full 0):
 garbage-first heap   total 408576K, used 333824K [0x0000000080000000, 0x0000000100000000)
  region size 1024K, 44 young (45056K), 8 survivors (8192K)
 Metaspace       used 126630K, committed 127488K, reserved 1163264K
  class space    used 16905K, committed 17344K, reserved 1048576K
}

