# JRE version: OpenJDK Runtime Environment (17.0.6) (build 17.0.6+0-b2043.56-10027231)
# Java VM: OpenJDK 64-Bit Server VM (17.0.6+0-b2043.56-10027231, mixed mode, tiered, compressed oops, compressed class ptrs, g1 gc, windows-amd64)
GC Precious Log:
 CPUs: 8 total, 8 available
 Memory: 7502M
 Large Page Support: Disabled
 NUMA Support: Disabled
 Compressed Oops: Enabled (32-bit)
 Heap Region Size: 1M
 Heap Min Capacity: 8M
 Heap Initial Capacity: 118M
 Heap Max Capacity: 2G
 Pre-touch: Disabled
 Parallel Workers: 8
 Concurrent Workers: 2
 Concurrent Refinement Workers: 8
 Periodic GC: Disabled
Heap:
 garbage-first heap   total 434176K, used 240619K [0x0000000080000000, 0x0000000100000000)
  region size 1024K, 3 young (3072K), 3 survivors (3072K)
 Metaspace       used 128500K, committed 129664K, reserved 1163264K
  class space    used 16951K, committed 17536K, reserved 1048576K
GC Heap History (20 events):
Event: 33.449 GC heap after
{Heap after GC invocations=59 (full 0):
 garbage-first heap   total 316416K, used 176827K [0x0000000080000000, 0x0000000100000000)
  region size 1024K, 2 young (2048K), 2 survivors (2048K)
 Metaspace       used 100218K, committed 100992K, reserved 1138688K
  class space    used 13576K, committed 13952K, reserved 1048576K
}
Event: 35.316 GC heap before
{Heap before GC invocations=59 (full 0):
 garbage-first heap   total 316416K, used 281275K [0x0000000080000000, 0x0000000100000000)
  region size 1024K, 88 young (90112K), 2 survivors (2048K)
 Metaspace       used 102673K, committed 103360K, reserved 1138688K
  class space    used 13791K, committed 14144K, reserved 1048576K
}
Event: 35.326 GC heap after
{Heap after GC invocations=60 (full 0):
 garbage-first heap   total 316416K, used 185568K [0x0000000080000000, 0x0000000100000000)
  region size 1024K, 11 young (11264K), 11 survivors (11264K)
 Metaspace       used 102673K, committed 103360K, reserved 1138688K
  class space    used 13791K, committed 14144K, reserved 1048576K
}
Event: 37.460 GC heap before
{Heap before GC invocations=60 (full 0):
 garbage-first heap   total 316416K, used 261344K [0x0000000080000000, 0x0000000100000000)
  region size 1024K, 85 young (87040K), 11 survivors (11264K)
 Metaspace       used 112085K, committed 112896K, reserved 1146880K
  class space    used 15041K, committed 15424K, reserved 1048576K
}
Event: 37.477 GC heap after
{Heap after GC invocations=61 (full 0):
 garbage-first heap   total 316416K, used 192377K [0x0000000080000000, 0x0000000100000000)
  region size 1024K, 7 young (7168K), 7 survivors (7168K)
 Metaspace       used 112085K, committed 112896K, reserved 1146880K
  class space    used 15041K, committed 15424K, reserved 1048576K
}
Event: 37.988 GC heap before
{Heap before GC invocations=61 (full 0):
 garbage-first heap   total 316416K, used 263033K [0x0000000080000000, 0x0000000100000000)
  region size 1024K, 76 young (77824K), 7 survivors (7168K)
 Metaspace       used 112774K, committed 113664K, reserved 1146880K
  class space    used 15163K, committed 15616K, reserved 1048576K
}
Event: 38.001 GC heap after
{Heap after GC invocations=62 (full 0):
 garbage-first heap   total 316416K, used 199609K [0x0000000080000000, 0x0000000100000000)
  region size 1024K, 7 young (7168K), 7 survivors (7168K)
 Metaspace       used 112774K, committed 113664K, reserved 1146880K
  class space    used 15163K, committed 15616K, reserved 1048576K
}
Event: 38.851 GC heap before
{Heap before GC invocations=63 (full 0):
 garbage-first heap   total 363520K, used 260025K [0x0000000080000000, 0x0000000100000000)
  region size 1024K, 66 young (67584K), 7 survivors (7168K)
 Metaspace       used 113728K, committed 114560K, reserved 1155072K
  class space    used 15252K, committed 15680K, reserved 1048576K
}
Event: 38.875 GC heap after
{Heap after GC invocations=64 (full 0):
 garbage-first heap   total 363520K, used 205636K [0x0000000080000000, 0x0000000100000000)
  region size 1024K, 8 young (8192K), 8 survivors (8192K)
 Metaspace       used 113728K, committed 114560K, reserved 1155072K
  class space    used 15252K, committed 15680K, reserved 1048576K
}
Event: 39.017 GC heap before
{Heap before GC invocations=64 (full 0):
 garbage-first heap   total 363520K, used 213828K [0x0000000080000000, 0x0000000100000000)
  region size 1024K, 17 young (17408K), 8 survivors (8192K)
 Metaspace       used 114096K, committed 114944K, reserved 1155072K
  class space    used 15284K, committed 15680K, reserved 1048576K
}
Event: 39.027 GC heap after
{Heap after GC invocations=65 (full 0):
 garbage-first heap   total 363520K, used 206993K [0x0000000080000000, 0x0000000100000000)
  region size 1024K, 3 young (3072K), 3 survivors (3072K)
 Metaspace       used 114096K, committed 114944K, reserved 1155072K
  class space    used 15284K, committed 15680K, reserved 1048576K
}
Event: 41.006 GC heap before
{Heap before GC invocations=65 (full 0):
 garbage-first heap   total 363520K, used 301201K [0x0000000080000000, 0x0000000100000000)
  region size 1024K, 95 young (97280K), 3 survivors (3072K)
 Metaspace       used 119356K, committed 120448K, reserved 1155072K
  class space    used 15959K, committed 16512K, reserved 1048576K
}
Event: 41.017 GC heap after
{Heap after GC invocations=66 (full 0):
 garbage-first heap   total 363520K, used 213508K [0x0000000080000000, 0x0000000100000000)
  region size 1024K, 9 young (9216K), 9 survivors (9216K)
 Metaspace       used 119356K, committed 120448K, reserved 1155072K
  class space    used 15959K, committed 16512K, reserved 1048576K
}
Event: 324.812 GC heap before
{Heap before GC invocations=66 (full 0):
 garbage-first heap   total 363520K, used 300548K [0x0000000080000000, 0x0000000100000000)
  region size 1024K, 95 young (97280K), 9 survivors (9216K)
 Metaspace       used 125711K, committed 126848K, reserved 1163264K
  class space    used 16624K, committed 17152K, reserved 1048576K
}
Event: 324.845 GC heap after
{Heap after GC invocations=67 (full 0):
 garbage-first heap   total 363520K, used 219070K [0x0000000080000000, 0x0000000100000000)
  region size 1024K, 6 young (6144K), 6 survivors (6144K)
 Metaspace       used 125711K, committed 126848K, reserved 1163264K
  class space    used 16624K, committed 17152K, reserved 1048576K
}
Event: 326.743 GC heap before
{Heap before GC invocations=67 (full 0):
 garbage-first heap   total 363520K, used 304062K [0x0000000080000000, 0x0000000100000000)
  region size 1024K, 89 young (91136K), 6 survivors (6144K)
 Metaspace       used 127815K, committed 128960K, reserved 1163264K
  class space    used 16859K, committed 17408K, reserved 1048576K
}
Event: 326.766 GC heap after
{Heap after GC invocations=68 (full 0):
 garbage-first heap   total 363520K, used 229567K [0x0000000080000000, 0x0000000100000000)
  region size 1024K, 12 young (12288K), 12 survivors (12288K)
 Metaspace       used 127815K, committed 128960K, reserved 1163264K
  class space    used 16859K, committed 17408K, reserved 1048576K
}
Event: 327.717 GC heap before
{Heap before GC invocations=69 (full 0):
 garbage-first heap   total 434176K, used 298175K [0x0000000080000000, 0x0000000100000000)
  region size 1024K, 79 young (80896K), 12 survivors (12288K)
 Metaspace       used 128494K, committed 129664K, reserved 1163264K
  class space    used 16951K, committed 17536K, reserved 1048576K
}
Event: 327.745 GC heap after
{Heap after GC invocations=70 (full 0):
 garbage-first heap   total 434176K, used 240110K [0x0000000080000000, 0x0000000100000000)
  region size 1024K, 10 young (10240K), 10 survivors (10240K)
 Metaspace       used 128494K, committed 129664K, reserved 1163264K
  class space    used 16951K, committed 17536K, reserved 1048576K
}
Event: 327.798 GC heap before
{Heap before GC invocations=70 (full 0):
 garbage-first heap   total 434176K, used 250350K [0x0000000080000000, 0x0000000100000000)
  region size 1024K, 21 young (21504K), 10 survivors (10240K)
 Metaspace       used 128500K, committed 129664K, reserved 1163264K
  class space    used 16951K, committed 17536K, reserved 1048576K
}

