# JRE version: OpenJDK Runtime Environment (17.0.6) (build 17.0.6+0-b2043.56-10027231)
# Java VM: OpenJDK 64-Bit Server VM (17.0.6+0-b2043.56-10027231, mixed mode, tiered, compressed oops, compressed class ptrs, g1 gc, windows-amd64)
GC Precious Log:
 CPUs: 8 total, 8 available
 Memory: 7502M
 Large Page Support: Disabled
 NUMA Support: Disabled
 Compressed Oops: Enabled (32-bit)
 Heap Region Size: 1M
 Heap Min Capacity: 8M
 Heap Initial Capacity: 118M
 Heap Max Capacity: 1876M
 Pre-touch: Disabled
 Parallel Workers: 8
 Concurrent Workers: 2
 Concurrent Refinement Workers: 8
 Periodic GC: Disabled
Heap:
 garbage-first heap   total 57344K, used 28139K [0x000000008ac00000, 0x0000000100000000)
  region size 1024K, 2 young (2048K), 2 survivors (2048K)
 Metaspace       used 41424K, committed 41664K, reserved 1089536K
  class space    used 5160K, committed 5248K, reserved 1048576K
GC Heap History (19 events):
Event: 1.702 GC heap before
{Heap before GC invocations=0 (full 0):
 garbage-first heap   total 120832K, used 27648K [0x000000008ac00000, 0x0000000100000000)
  region size 1024K, 23 young (23552K), 0 survivors (0K)
 Metaspace       used 13313K, committed 13440K, reserved 1064960K
  class space    used 1280K, committed 1344K, reserved 1048576K
}
Event: 1.710 GC heap after
{Heap after GC invocations=1 (full 0):
 garbage-first heap   total 120832K, used 6912K [0x000000008ac00000, 0x0000000100000000)
  region size 1024K, 3 young (3072K), 3 survivors (3072K)
 Metaspace       used 13313K, committed 13440K, reserved 1064960K
  class space    used 1280K, committed 1344K, reserved 1048576K
}
Event: 2.813 GC heap before
{Heap before GC invocations=1 (full 0):
 garbage-first heap   total 120832K, used 37632K [0x000000008ac00000, 0x0000000100000000)
  region size 1024K, 34 young (34816K), 3 survivors (3072K)
 Metaspace       used 21372K, committed 21504K, reserved 1073152K
  class space    used 2378K, committed 2432K, reserved 1048576K
}
Event: 2.829 GC heap after
{Heap after GC invocations=2 (full 0):
 garbage-first heap   total 120832K, used 10447K [0x000000008ac00000, 0x0000000100000000)
  region size 1024K, 4 young (4096K), 4 survivors (4096K)
 Metaspace       used 21372K, committed 21504K, reserved 1073152K
  class space    used 2378K, committed 2432K, reserved 1048576K
}
Event: 3.488 GC heap before
{Heap before GC invocations=3 (full 0):
 garbage-first heap   total 40960K, used 32975K [0x000000008ac00000, 0x0000000100000000)
  region size 1024K, 23 young (23552K), 4 survivors (4096K)
 Metaspace       used 26733K, committed 27008K, reserved 1073152K
  class space    used 2975K, committed 3072K, reserved 1048576K
}
Event: 3.512 GC heap after
{Heap after GC invocations=4 (full 0):
 garbage-first heap   total 45056K, used 20816K [0x000000008ac00000, 0x0000000100000000)
  region size 1024K, 3 young (3072K), 3 survivors (3072K)
 Metaspace       used 26733K, committed 27008K, reserved 1073152K
  class space    used 2975K, committed 3072K, reserved 1048576K
}
Event: 3.638 GC heap before
{Heap before GC invocations=4 (full 0):
 garbage-first heap   total 45056K, used 20816K [0x000000008ac00000, 0x0000000100000000)
  region size 1024K, 4 young (4096K), 3 survivors (3072K)
 Metaspace       used 27588K, committed 27776K, reserved 1081344K
  class space    used 3072K, committed 3136K, reserved 1048576K
}
Event: 3.646 GC heap after
{Heap after GC invocations=5 (full 0):
 garbage-first heap   total 45056K, used 21607K [0x000000008ac00000, 0x0000000100000000)
  region size 1024K, 1 young (1024K), 1 survivors (1024K)
 Metaspace       used 27588K, committed 27776K, reserved 1081344K
  class space    used 3072K, committed 3136K, reserved 1048576K
}
Event: 3.933 GC heap before
{Heap before GC invocations=5 (full 0):
 garbage-first heap   total 45056K, used 29799K [0x000000008ac00000, 0x0000000100000000)
  region size 1024K, 10 young (10240K), 1 survivors (1024K)
 Metaspace       used 30237K, committed 30528K, reserved 1081344K
  class space    used 3436K, committed 3584K, reserved 1048576K
}
Event: 3.938 GC heap after
{Heap after GC invocations=6 (full 0):
 garbage-first heap   total 45056K, used 21632K [0x000000008ac00000, 0x0000000100000000)
  region size 1024K, 1 young (1024K), 1 survivors (1024K)
 Metaspace       used 30237K, committed 30528K, reserved 1081344K
  class space    used 3436K, committed 3584K, reserved 1048576K
}
Event: 4.559 GC heap before
{Heap before GC invocations=7 (full 0):
 garbage-first heap   total 45056K, used 31872K [0x000000008ac00000, 0x0000000100000000)
  region size 1024K, 11 young (11264K), 1 survivors (1024K)
 Metaspace       used 32643K, committed 32960K, reserved 1081344K
  class space    used 4005K, committed 4160K, reserved 1048576K
}
Event: 4.566 GC heap after
{Heap after GC invocations=8 (full 0):
 garbage-first heap   total 57344K, used 23431K [0x000000008ac00000, 0x0000000100000000)
  region size 1024K, 2 young (2048K), 2 survivors (2048K)
 Metaspace       used 32643K, committed 32960K, reserved 1081344K
  class space    used 4005K, committed 4160K, reserved 1048576K
}
Event: 4.595 GC heap before
{Heap before GC invocations=8 (full 0):
 garbage-first heap   total 57344K, used 26503K [0x000000008ac00000, 0x0000000100000000)
  region size 1024K, 3 young (3072K), 2 survivors (2048K)
 Metaspace       used 32644K, committed 32960K, reserved 1081344K
  class space    used 4005K, committed 4160K, reserved 1048576K
}
Event: 4.602 GC heap after
{Heap after GC invocations=9 (full 0):
 garbage-first heap   total 57344K, used 23432K [0x000000008ac00000, 0x0000000100000000)
  region size 1024K, 1 young (1024K), 1 survivors (1024K)
 Metaspace       used 32644K, committed 32960K, reserved 1081344K
  class space    used 4005K, committed 4160K, reserved 1048576K
}
Event: 5.047 GC heap before
{Heap before GC invocations=9 (full 0):
 garbage-first heap   total 57344K, used 41864K [0x000000008ac00000, 0x0000000100000000)
  region size 1024K, 19 young (19456K), 1 survivors (1024K)
 Metaspace       used 34367K, committed 34560K, reserved 1081344K
  class space    used 4385K, committed 4480K, reserved 1048576K
}
Event: 5.057 GC heap after
{Heap after GC invocations=10 (full 0):
 garbage-first heap   total 57344K, used 26191K [0x000000008ac00000, 0x0000000100000000)
  region size 1024K, 3 young (3072K), 3 survivors (3072K)
 Metaspace       used 34367K, committed 34560K, reserved 1081344K
  class space    used 4385K, committed 4480K, reserved 1048576K
}
Event: 5.589 GC heap before
{Heap before GC invocations=10 (full 0):
 garbage-first heap   total 57344K, used 41551K [0x000000008ac00000, 0x0000000100000000)
  region size 1024K, 19 young (19456K), 3 survivors (3072K)
 Metaspace       used 38086K, committed 38400K, reserved 1089536K
  class space    used 4801K, committed 4928K, reserved 1048576K
}
Event: 5.598 GC heap after
{Heap after GC invocations=11 (full 0):
 garbage-first heap   total 57344K, used 25956K [0x000000008ac00000, 0x0000000100000000)
  region size 1024K, 2 young (2048K), 2 survivors (2048K)
 Metaspace       used 38086K, committed 38400K, reserved 1089536K
  class space    used 4801K, committed 4928K, reserved 1048576K
}
Event: 5.981 GC heap before
{Heap before GC invocations=11 (full 0):
 garbage-first heap   total 57344K, used 41316K [0x000000008ac00000, 0x0000000100000000)
  region size 1024K, 18 young (18432K), 2 survivors (2048K)
 Metaspace       used 41424K, committed 41664K, reserved 1089536K
  class space    used 5160K, committed 5248K, reserved 1048576K
}

