# JRE version: OpenJDK Runtime Environment (17.0.6) (build 17.0.6+0-b2043.56-10027231)
# Java VM: OpenJDK 64-Bit Server VM (17.0.6+0-b2043.56-10027231, mixed mode, tiered, compressed oops, compressed class ptrs, g1 gc, windows-amd64)
GC Precious Log:
 CPUs: 8 total, 8 available
 Memory: 7502M
 Large Page Support: Disabled
 NUMA Support: Disabled
 Compressed Oops: Enabled (32-bit)
 Heap Region Size: 1M
 Heap Min Capacity: 8M
 Heap Initial Capacity: 118M
 Heap Max Capacity: 2G
 Pre-touch: Disabled
 Parallel Workers: 8
 Concurrent Workers: 2
 Concurrent Refinement Workers: 8
 Periodic GC: Disabled
Heap:
 garbage-first heap   total 363520K, used 270332K [0x0000000080000000, 0x0000000100000000)
  region size 1024K, 4 young (4096K), 4 survivors (4096K)
 Metaspace       used 136809K, committed 137600K, reserved 1171456K
  class space    used 17974K, committed 18368K, reserved 1048576K
GC Heap History (20 events):
Event: 44.076 GC heap after
{Heap after GC invocations=42 (full 0):
 garbage-first heap   total 234496K, used 127441K [0x0000000080000000, 0x0000000100000000)
  region size 1024K, 5 young (5120K), 5 survivors (5120K)
 Metaspace       used 109708K, committed 110528K, reserved 1146880K
  class space    used 14758K, committed 15168K, reserved 1048576K
}
Event: 46.292 GC heap before
{Heap before GC invocations=42 (full 0):
 garbage-first heap   total 234496K, used 203217K [0x0000000080000000, 0x0000000100000000)
  region size 1024K, 69 young (70656K), 5 survivors (5120K)
 Metaspace       used 118508K, committed 119360K, reserved 1155072K
  class space    used 15737K, committed 16192K, reserved 1048576K
}
Event: 46.305 GC heap after
{Heap after GC invocations=43 (full 0):
 garbage-first heap   total 234496K, used 144144K [0x0000000080000000, 0x0000000100000000)
  region size 1024K, 9 young (9216K), 9 survivors (9216K)
 Metaspace       used 118508K, committed 119360K, reserved 1155072K
  class space    used 15737K, committed 16192K, reserved 1048576K
}
Event: 47.586 GC heap before
{Heap before GC invocations=43 (full 0):
 garbage-first heap   total 234496K, used 195344K [0x0000000080000000, 0x0000000100000000)
  region size 1024K, 56 young (57344K), 9 survivors (9216K)
 Metaspace       used 126285K, committed 127104K, reserved 1163264K
  class space    used 16572K, committed 17024K, reserved 1048576K
}
Event: 47.599 GC heap after
{Heap after GC invocations=44 (full 0):
 garbage-first heap   total 234496K, used 153745K [0x0000000080000000, 0x0000000100000000)
  region size 1024K, 7 young (7168K), 7 survivors (7168K)
 Metaspace       used 126285K, committed 127104K, reserved 1163264K
  class space    used 16572K, committed 17024K, reserved 1048576K
}
Event: 48.816 GC heap before
{Heap before GC invocations=44 (full 0):
 garbage-first heap   total 234496K, used 192657K [0x0000000080000000, 0x0000000100000000)
  region size 1024K, 46 young (47104K), 7 survivors (7168K)
 Metaspace       used 132095K, committed 132928K, reserved 1171456K
  class space    used 17333K, committed 17728K, reserved 1048576K
}
Event: 48.825 GC heap after
{Heap after GC invocations=45 (full 0):
 garbage-first heap   total 234496K, used 156613K [0x0000000080000000, 0x0000000100000000)
  region size 1024K, 3 young (3072K), 3 survivors (3072K)
 Metaspace       used 132095K, committed 132928K, reserved 1171456K
  class space    used 17333K, committed 17728K, reserved 1048576K
}
Event: 49.638 GC heap before
{Heap before GC invocations=45 (full 0):
 garbage-first heap   total 234496K, used 195525K [0x0000000080000000, 0x0000000100000000)
  region size 1024K, 41 young (41984K), 3 survivors (3072K)
 Metaspace       used 133921K, committed 134784K, reserved 1171456K
  class space    used 17563K, committed 17984K, reserved 1048576K
}
Event: 49.655 GC heap after
{Heap after GC invocations=46 (full 0):
 garbage-first heap   total 234496K, used 188683K [0x0000000080000000, 0x0000000100000000)
  region size 1024K, 6 young (6144K), 6 survivors (6144K)
 Metaspace       used 133921K, committed 134784K, reserved 1171456K
  class space    used 17563K, committed 17984K, reserved 1048576K
}
Event: 49.727 GC heap before
{Heap before GC invocations=46 (full 0):
 garbage-first heap   total 234496K, used 196875K [0x0000000080000000, 0x0000000100000000)
  region size 1024K, 14 young (14336K), 6 survivors (6144K)
 Metaspace       used 133923K, committed 134784K, reserved 1171456K
  class space    used 17563K, committed 17984K, reserved 1048576K
}
Event: 49.741 GC heap after
{Heap after GC invocations=47 (full 0):
 garbage-first heap   total 234496K, used 198652K [0x0000000080000000, 0x0000000100000000)
  region size 1024K, 2 young (2048K), 2 survivors (2048K)
 Metaspace       used 133923K, committed 134784K, reserved 1171456K
  class space    used 17563K, committed 17984K, reserved 1048576K
}
Event: 49.832 GC heap before
{Heap before GC invocations=47 (full 0):
 garbage-first heap   total 234496K, used 207868K [0x0000000080000000, 0x0000000100000000)
  region size 1024K, 11 young (11264K), 2 survivors (2048K)
 Metaspace       used 133923K, committed 134784K, reserved 1171456K
  class space    used 17563K, committed 17984K, reserved 1048576K
}
Event: 49.839 GC heap after
{Heap after GC invocations=48 (full 0):
 garbage-first heap   total 234496K, used 209254K [0x0000000080000000, 0x0000000100000000)
  region size 1024K, 2 young (2048K), 2 survivors (2048K)
 Metaspace       used 133923K, committed 134784K, reserved 1171456K
  class space    used 17563K, committed 17984K, reserved 1048576K
}
Event: 50.091 GC heap before
{Heap before GC invocations=48 (full 0):
 garbage-first heap   total 363520K, used 218470K [0x0000000080000000, 0x0000000100000000)
  region size 1024K, 11 young (11264K), 2 survivors (2048K)
 Metaspace       used 134215K, committed 135040K, reserved 1171456K
  class space    used 17587K, committed 17984K, reserved 1048576K
}
Event: 50.100 GC heap after
{Heap after GC invocations=49 (full 0):
 garbage-first heap   total 363520K, used 213776K [0x0000000080000000, 0x0000000100000000)
  region size 1024K, 2 young (2048K), 2 survivors (2048K)
 Metaspace       used 134215K, committed 135040K, reserved 1171456K
  class space    used 17587K, committed 17984K, reserved 1048576K
}
Event: 50.909 GC heap before
{Heap before GC invocations=50 (full 0):
 garbage-first heap   total 363520K, used 257808K [0x0000000080000000, 0x0000000100000000)
  region size 1024K, 43 young (44032K), 2 survivors (2048K)
 Metaspace       used 136802K, committed 137600K, reserved 1171456K
  class space    used 17974K, committed 18368K, reserved 1048576K
}
Event: 50.923 GC heap after
{Heap after GC invocations=51 (full 0):
 garbage-first heap   total 363520K, used 234766K [0x0000000080000000, 0x0000000100000000)
  region size 1024K, 6 young (6144K), 6 survivors (6144K)
 Metaspace       used 136802K, committed 137600K, reserved 1171456K
  class space    used 17974K, committed 18368K, reserved 1048576K
}
Event: 50.981 GC heap before
{Heap before GC invocations=51 (full 0):
 garbage-first heap   total 363520K, used 246030K [0x0000000080000000, 0x0000000100000000)
  region size 1024K, 17 young (17408K), 6 survivors (6144K)
 Metaspace       used 136802K, committed 137600K, reserved 1171456K
  class space    used 17974K, committed 18368K, reserved 1048576K
}
Event: 50.996 GC heap after
{Heap after GC invocations=52 (full 0):
 garbage-first heap   total 363520K, used 244682K [0x0000000080000000, 0x0000000100000000)
  region size 1024K, 3 young (3072K), 3 survivors (3072K)
 Metaspace       used 136802K, committed 137600K, reserved 1171456K
  class space    used 17974K, committed 18368K, reserved 1048576K
}
Event: 51.143 GC heap before
{Heap before GC invocations=52 (full 0):
 garbage-first heap   total 363520K, used 273354K [0x0000000080000000, 0x0000000100000000)
  region size 1024K, 31 young (31744K), 3 survivors (3072K)
 Metaspace       used 136809K, committed 137600K, reserved 1171456K
  class space    used 17974K, committed 18368K, reserved 1048576K
}

