# JRE version: OpenJDK Runtime Environment (17.0.6) (build 17.0.6+0-b2043.56-10027231)
# Java VM: OpenJDK 64-Bit Server VM (17.0.6+0-b2043.56-10027231, mixed mode, tiered, compressed oops, compressed class ptrs, g1 gc, windows-amd64)
GC Precious Log:
 CPUs: 8 total, 8 available
 Memory: 7502M
 Large Page Support: Disabled
 NUMA Support: Disabled
 Compressed Oops: Enabled (32-bit)
 Heap Region Size: 1M
 Heap Min Capacity: 8M
 Heap Initial Capacity: 118M
 Heap Max Capacity: 1876M
 Pre-touch: Disabled
 Parallel Workers: 8
 Concurrent Workers: 2
 Concurrent Refinement Workers: 8
 Periodic GC: Disabled
Heap:
 garbage-first heap   total 86016K, used 43661K [0x000000008ac00000, 0x0000000100000000)
  region size 1024K, 3 young (3072K), 3 survivors (3072K)
 Metaspace       used 58842K, committed 59200K, reserved 1105920K
  class space    used 7004K, committed 7168K, reserved 1048576K
GC Heap History (20 events):
Event: 1.470 GC heap after
{Heap after GC invocations=5 (full 0):
 garbage-first heap   total 40960K, used 16806K [0x000000008ac00000, 0x0000000100000000)
  region size 1024K, 1 young (1024K), 1 survivors (1024K)
 Metaspace       used 27520K, committed 27776K, reserved 1081344K
  class space    used 3016K, committed 3136K, reserved 1048576K
}
Event: 1.736 GC heap before
{Heap before GC invocations=5 (full 0):
 garbage-first heap   total 40960K, used 31142K [0x000000008ac00000, 0x0000000100000000)
  region size 1024K, 15 young (15360K), 1 survivors (1024K)
 Metaspace       used 32019K, committed 32256K, reserved 1081344K
  class space    used 3933K, committed 4032K, reserved 1048576K
}
Event: 1.738 GC heap after
{Heap after GC invocations=6 (full 0):
 garbage-first heap   total 40960K, used 17787K [0x000000008ac00000, 0x0000000100000000)
  region size 1024K, 2 young (2048K), 2 survivors (2048K)
 Metaspace       used 32019K, committed 32256K, reserved 1081344K
  class space    used 3933K, committed 4032K, reserved 1048576K
}
Event: 1.966 GC heap before
{Heap before GC invocations=6 (full 0):
 garbage-first heap   total 40960K, used 33147K [0x000000008ac00000, 0x0000000100000000)
  region size 1024K, 16 young (16384K), 2 survivors (2048K)
 Metaspace       used 33154K, committed 33408K, reserved 1081344K
  class space    used 4244K, committed 4352K, reserved 1048576K
}
Event: 1.974 GC heap after
{Heap after GC invocations=7 (full 0):
 garbage-first heap   total 40960K, used 23552K [0x000000008ac00000, 0x0000000100000000)
  region size 1024K, 2 young (2048K), 2 survivors (2048K)
 Metaspace       used 33154K, committed 33408K, reserved 1081344K
  class space    used 4244K, committed 4352K, reserved 1048576K
}
Event: 2.085 GC heap before
{Heap before GC invocations=7 (full 0):
 garbage-first heap   total 40960K, used 30720K [0x000000008ac00000, 0x0000000100000000)
  region size 1024K, 10 young (10240K), 2 survivors (2048K)
 Metaspace       used 35635K, committed 35840K, reserved 1081344K
  class space    used 4549K, committed 4608K, reserved 1048576K
}
Event: 2.089 GC heap after
{Heap after GC invocations=8 (full 0):
 garbage-first heap   total 76800K, used 24093K [0x000000008ac00000, 0x0000000100000000)
  region size 1024K, 1 young (1024K), 1 survivors (1024K)
 Metaspace       used 35635K, committed 35840K, reserved 1081344K
  class space    used 4549K, committed 4608K, reserved 1048576K
}
Event: 2.508 GC heap before
{Heap before GC invocations=9 (full 0):
 garbage-first heap   total 76800K, used 55837K [0x000000008ac00000, 0x0000000100000000)
  region size 1024K, 32 young (32768K), 1 survivors (1024K)
 Metaspace       used 41454K, committed 41728K, reserved 1089536K
  class space    used 5130K, committed 5248K, reserved 1048576K
}
Event: 2.515 GC heap after
{Heap after GC invocations=10 (full 0):
 garbage-first heap   total 76800K, used 26181K [0x000000008ac00000, 0x0000000100000000)
  region size 1024K, 4 young (4096K), 4 survivors (4096K)
 Metaspace       used 41454K, committed 41728K, reserved 1089536K
  class space    used 5130K, committed 5248K, reserved 1048576K
}
Event: 2.532 GC heap before
{Heap before GC invocations=10 (full 0):
 garbage-first heap   total 76800K, used 26181K [0x000000008ac00000, 0x0000000100000000)
  region size 1024K, 5 young (5120K), 4 survivors (4096K)
 Metaspace       used 41795K, committed 42112K, reserved 1089536K
  class space    used 5156K, committed 5312K, reserved 1048576K
}
Event: 2.538 GC heap after
{Heap after GC invocations=11 (full 0):
 garbage-first heap   total 76800K, used 26411K [0x000000008ac00000, 0x0000000100000000)
  region size 1024K, 1 young (1024K), 1 survivors (1024K)
 Metaspace       used 41795K, committed 42112K, reserved 1089536K
  class space    used 5156K, committed 5312K, reserved 1048576K
}
Event: 3.131 GC heap before
{Heap before GC invocations=11 (full 0):
 garbage-first heap   total 76800K, used 55083K [0x000000008ac00000, 0x0000000100000000)
  region size 1024K, 29 young (29696K), 1 survivors (1024K)
 Metaspace       used 48988K, committed 49216K, reserved 1097728K
  class space    used 5967K, committed 6080K, reserved 1048576K
}
Event: 3.137 GC heap after
{Heap after GC invocations=12 (full 0):
 garbage-first heap   total 76800K, used 28642K [0x000000008ac00000, 0x0000000100000000)
  region size 1024K, 3 young (3072K), 3 survivors (3072K)
 Metaspace       used 48988K, committed 49216K, reserved 1097728K
  class space    used 5967K, committed 6080K, reserved 1048576K
}
Event: 3.417 GC heap before
{Heap before GC invocations=13 (full 0):
 garbage-first heap   total 76800K, used 60386K [0x000000008ac00000, 0x0000000100000000)
  region size 1024K, 31 young (31744K), 3 survivors (3072K)
 Metaspace       used 50584K, committed 50880K, reserved 1097728K
  class space    used 6134K, committed 6272K, reserved 1048576K
}
Event: 3.427 GC heap after
{Heap after GC invocations=14 (full 0):
 garbage-first heap   total 76800K, used 34233K [0x000000008ac00000, 0x0000000100000000)
  region size 1024K, 4 young (4096K), 4 survivors (4096K)
 Metaspace       used 50584K, committed 50880K, reserved 1097728K
  class space    used 6134K, committed 6272K, reserved 1048576K
}
Event: 4.484 GC heap before
{Heap before GC invocations=14 (full 0):
 garbage-first heap   total 76800K, used 57785K [0x000000008ac00000, 0x0000000100000000)
  region size 1024K, 28 young (28672K), 4 survivors (4096K)
 Metaspace       used 54172K, committed 54528K, reserved 1097728K
  class space    used 6506K, committed 6656K, reserved 1048576K
}
Event: 4.494 GC heap after
{Heap after GC invocations=15 (full 0):
 garbage-first heap   total 76800K, used 36749K [0x000000008ac00000, 0x0000000100000000)
  region size 1024K, 3 young (3072K), 3 survivors (3072K)
 Metaspace       used 54172K, committed 54528K, reserved 1097728K
  class space    used 6506K, committed 6656K, reserved 1048576K
}
Event: 5.029 GC heap before
{Heap before GC invocations=15 (full 0):
 garbage-first heap   total 76800K, used 59277K [0x000000008ac00000, 0x0000000100000000)
  region size 1024K, 26 young (26624K), 3 survivors (3072K)
 Metaspace       used 56513K, committed 56832K, reserved 1105920K
  class space    used 6762K, committed 6912K, reserved 1048576K
}
Event: 5.040 GC heap after
{Heap after GC invocations=16 (full 0):
 garbage-first heap   total 76800K, used 40274K [0x000000008ac00000, 0x0000000100000000)
  region size 1024K, 4 young (4096K), 4 survivors (4096K)
 Metaspace       used 56513K, committed 56832K, reserved 1105920K
  class space    used 6762K, committed 6912K, reserved 1048576K
}
Event: 5.590 GC heap before
{Heap before GC invocations=16 (full 0):
 garbage-first heap   total 76800K, used 59730K [0x000000008ac00000, 0x0000000100000000)
  region size 1024K, 23 young (23552K), 4 survivors (4096K)
 Metaspace       used 58842K, committed 59200K, reserved 1105920K
  class space    used 7004K, committed 7168K, reserved 1048576K
}

