# JRE version: OpenJDK Runtime Environment (17.0.6) (build 17.0.6+0-b2043.56-10027231)
# Java VM: OpenJDK 64-Bit Server VM (17.0.6+0-b2043.56-10027231, mixed mode, tiered, compressed oops, compressed class ptrs, g1 gc, windows-amd64)
GC Precious Log:
 CPUs: 8 total, 8 available
 Memory: 7502M
 Large Page Support: Disabled
 NUMA Support: Disabled
 Compressed Oops: Enabled (32-bit)
 Heap Region Size: 1M
 Heap Min Capacity: 8M
 Heap Initial Capacity: 118M
 Heap Max Capacity: 1876M
 Pre-touch: Disabled
 Parallel Workers: 8
 Concurrent Workers: 2
 Concurrent Refinement Workers: 8
 Periodic GC: Disabled
Heap:
 garbage-first heap   total 120832K, used 71068K [0x000000008ac00000, 0x0000000100000000)
  region size 1024K, 16 young (16384K), 3 survivors (3072K)
 Metaspace       used 67607K, committed 67904K, reserved 1114112K
  class space    used 7961K, committed 8064K, reserved 1048576K
GC Heap History (20 events):
Event: 2.808 GC heap before
{Heap before GC invocations=9 (full 0):
 garbage-first heap   total 63488K, used 45739K [0x000000008ac00000, 0x0000000100000000)
  region size 1024K, 22 young (22528K), 1 survivors (1024K)
 Metaspace       used 39556K, committed 39872K, reserved 1089536K
  class space    used 4981K, committed 5120K, reserved 1048576K
}
Event: 2.813 GC heap after
{Heap after GC invocations=10 (full 0):
 garbage-first heap   total 63488K, used 25402K [0x000000008ac00000, 0x0000000100000000)
  region size 1024K, 3 young (3072K), 3 survivors (3072K)
 Metaspace       used 39556K, committed 39872K, reserved 1089536K
  class space    used 4981K, committed 5120K, reserved 1048576K
}
Event: 2.836 GC heap before
{Heap before GC invocations=10 (full 0):
 garbage-first heap   total 63488K, used 26426K [0x000000008ac00000, 0x0000000100000000)
  region size 1024K, 4 young (4096K), 3 survivors (3072K)
 Metaspace       used 39732K, committed 40000K, reserved 1089536K
  class space    used 4998K, committed 5120K, reserved 1048576K
}
Event: 2.840 GC heap after
{Heap after GC invocations=11 (full 0):
 garbage-first heap   total 63488K, used 25545K [0x000000008ac00000, 0x0000000100000000)
  region size 1024K, 1 young (1024K), 1 survivors (1024K)
 Metaspace       used 39732K, committed 40000K, reserved 1089536K
  class space    used 4998K, committed 5120K, reserved 1048576K
}
Event: 3.161 GC heap before
{Heap before GC invocations=11 (full 0):
 garbage-first heap   total 63488K, used 45001K [0x000000008ac00000, 0x0000000100000000)
  region size 1024K, 21 young (21504K), 1 survivors (1024K)
 Metaspace       used 43964K, committed 44288K, reserved 1089536K
  class space    used 5383K, committed 5504K, reserved 1048576K
}
Event: 3.164 GC heap after
{Heap after GC invocations=12 (full 0):
 garbage-first heap   total 63488K, used 27022K [0x000000008ac00000, 0x0000000100000000)
  region size 1024K, 2 young (2048K), 2 survivors (2048K)
 Metaspace       used 43964K, committed 44288K, reserved 1089536K
  class space    used 5383K, committed 5504K, reserved 1048576K
}
Event: 3.675 GC heap before
{Heap before GC invocations=13 (full 0):
 garbage-first heap   total 63488K, used 49550K [0x000000008ac00000, 0x0000000100000000)
  region size 1024K, 22 young (22528K), 2 survivors (2048K)
 Metaspace       used 49372K, committed 49664K, reserved 1097728K
  class space    used 6014K, committed 6144K, reserved 1048576K
}
Event: 3.682 GC heap after
{Heap after GC invocations=14 (full 0):
 garbage-first heap   total 63488K, used 31782K [0x000000008ac00000, 0x0000000100000000)
  region size 1024K, 3 young (3072K), 3 survivors (3072K)
 Metaspace       used 49372K, committed 49664K, reserved 1097728K
  class space    used 6014K, committed 6144K, reserved 1048576K
}
Event: 3.874 GC heap before
{Heap before GC invocations=14 (full 0):
 garbage-first heap   total 63488K, used 40998K [0x000000008ac00000, 0x0000000100000000)
  region size 1024K, 13 young (13312K), 3 survivors (3072K)
 Metaspace       used 50460K, committed 50752K, reserved 1097728K
  class space    used 6133K, committed 6272K, reserved 1048576K
}
Event: 3.880 GC heap after
{Heap after GC invocations=15 (full 0):
 garbage-first heap   total 100352K, used 33855K [0x000000008ac00000, 0x0000000100000000)
  region size 1024K, 3 young (3072K), 3 survivors (3072K)
 Metaspace       used 50460K, committed 50752K, reserved 1097728K
  class space    used 6133K, committed 6272K, reserved 1048576K
}
Event: 4.367 GC heap before
{Heap before GC invocations=15 (full 0):
 garbage-first heap   total 100352K, used 72767K [0x000000008ac00000, 0x0000000100000000)
  region size 1024K, 40 young (40960K), 3 survivors (3072K)
 Metaspace       used 54049K, committed 54400K, reserved 1097728K
  class space    used 6504K, committed 6656K, reserved 1048576K
}
Event: 4.373 GC heap after
{Heap after GC invocations=16 (full 0):
 garbage-first heap   total 100352K, used 36001K [0x000000008ac00000, 0x0000000100000000)
  region size 1024K, 5 young (5120K), 5 survivors (5120K)
 Metaspace       used 54049K, committed 54400K, reserved 1097728K
  class space    used 6504K, committed 6656K, reserved 1048576K
}
Event: 5.275 GC heap before
{Heap before GC invocations=16 (full 0):
 garbage-first heap   total 100352K, used 73889K [0x000000008ac00000, 0x0000000100000000)
  region size 1024K, 42 young (43008K), 5 survivors (5120K)
 Metaspace       used 58452K, committed 58752K, reserved 1105920K
  class space    used 6988K, committed 7104K, reserved 1048576K
}
Event: 5.287 GC heap after
{Heap after GC invocations=17 (full 0):
 garbage-first heap   total 100352K, used 41721K [0x000000008ac00000, 0x0000000100000000)
  region size 1024K, 6 young (6144K), 6 survivors (6144K)
 Metaspace       used 58452K, committed 58752K, reserved 1105920K
  class space    used 6988K, committed 7104K, reserved 1048576K
}
Event: 5.929 GC heap before
{Heap before GC invocations=17 (full 0):
 garbage-first heap   total 100352K, used 75513K [0x000000008ac00000, 0x0000000100000000)
  region size 1024K, 39 young (39936K), 6 survivors (6144K)
 Metaspace       used 59503K, committed 59840K, reserved 1105920K
  class space    used 7031K, committed 7168K, reserved 1048576K
}
Event: 5.947 GC heap after
{Heap after GC invocations=18 (full 0):
 garbage-first heap   total 100352K, used 48128K [0x000000008ac00000, 0x0000000100000000)
  region size 1024K, 5 young (5120K), 5 survivors (5120K)
 Metaspace       used 59503K, committed 59840K, reserved 1105920K
  class space    used 7031K, committed 7168K, reserved 1048576K
}
Event: 6.635 GC heap before
{Heap before GC invocations=18 (full 0):
 garbage-first heap   total 100352K, used 77824K [0x000000008ac00000, 0x0000000100000000)
  region size 1024K, 34 young (34816K), 5 survivors (5120K)
 Metaspace       used 60693K, committed 60992K, reserved 1105920K
  class space    used 7175K, committed 7296K, reserved 1048576K
}
Event: 6.654 GC heap after
{Heap after GC invocations=19 (full 0):
 garbage-first heap   total 120832K, used 53248K [0x000000008ac00000, 0x0000000100000000)
  region size 1024K, 5 young (5120K), 5 survivors (5120K)
 Metaspace       used 60693K, committed 60992K, reserved 1105920K
  class space    used 7175K, committed 7296K, reserved 1048576K
}
Event: 8.211 GC heap before
{Heap before GC invocations=19 (full 0):
 garbage-first heap   total 120832K, used 90112K [0x000000008ac00000, 0x0000000100000000)
  region size 1024K, 41 young (41984K), 5 survivors (5120K)
 Metaspace       used 66812K, committed 67136K, reserved 1114112K
  class space    used 7915K, committed 8064K, reserved 1048576K
}
Event: 8.225 GC heap after
{Heap after GC invocations=20 (full 0):
 garbage-first heap   total 120832K, used 57756K [0x000000008ac00000, 0x0000000100000000)
  region size 1024K, 4 young (4096K), 4 survivors (4096K)
 Metaspace       used 66812K, committed 67136K, reserved 1114112K
  class space    used 7915K, committed 8064K, reserved 1048576K
}

