# JRE version: OpenJDK Runtime Environment (17.0.10) (build 17.0.10+0--11609105)
# Java VM: OpenJDK 64-Bit Server VM (17.0.10+0--11609105, mixed mode, tiered, compressed oops, compressed class ptrs, g1 gc, windows-amd64)
GC Precious Log:
 CPUs: 8 total, 8 available
 Memory: 7502M
 Large Page Support: Disabled
 NUMA Support: Disabled
 Compressed Oops: Enabled (32-bit)
 Heap Region Size: 1M
 Heap Min Capacity: 8M
 Heap Initial Capacity: 118M
 Heap Max Capacity: 2G
 Pre-touch: Disabled
 Parallel Workers: 8
 Concurrent Workers: 2
 Concurrent Refinement Workers: 8
 Periodic GC: Disabled
Heap:
 garbage-first heap   total 347136K, used 201585K [0x0000000080000000, 0x0000000100000000)
  region size 1024K, 2 young (2048K), 2 survivors (2048K)
 Metaspace       used 129591K, committed 130432K, reserved 1179648K
  class space    used 17054K, committed 17472K, reserved 1048576K
GC Heap History (20 events):
Event: 24.981 GC heap after
{Heap after GC invocations=33 (full 0):
 garbage-first heap   total 235520K, used 106761K [0x0000000080000000, 0x0000000100000000)
  region size 1024K, 2 young (2048K), 2 survivors (2048K)
 Metaspace       used 102815K, committed 103552K, reserved 1179648K
  class space    used 13977K, committed 14336K, reserved 1048576K
}
Event: 25.628 GC heap before
{Heap before GC invocations=33 (full 0):
 garbage-first heap   total 235520K, used 184585K [0x0000000080000000, 0x0000000100000000)
  region size 1024K, 79 young (80896K), 2 survivors (2048K)
 Metaspace       used 102966K, committed 103616K, reserved 1179648K
  class space    used 13989K, committed 14336K, reserved 1048576K
}
Event: 25.635 GC heap after
{Heap after GC invocations=34 (full 0):
 garbage-first heap   total 235520K, used 111164K [0x0000000080000000, 0x0000000100000000)
  region size 1024K, 6 young (6144K), 6 survivors (6144K)
 Metaspace       used 102966K, committed 103616K, reserved 1179648K
  class space    used 13989K, committed 14336K, reserved 1048576K
}
Event: 29.456 GC heap before
{Heap before GC invocations=35 (full 0):
 garbage-first heap   total 235520K, used 186940K [0x0000000080000000, 0x0000000100000000)
  region size 1024K, 81 young (82944K), 6 survivors (6144K)
 Metaspace       used 104828K, committed 105600K, reserved 1179648K
  class space    used 14218K, committed 14592K, reserved 1048576K
}
Event: 29.465 GC heap after
{Heap after GC invocations=36 (full 0):
 garbage-first heap   total 235520K, used 115528K [0x0000000080000000, 0x0000000100000000)
  region size 1024K, 10 young (10240K), 10 survivors (10240K)
 Metaspace       used 104828K, committed 105600K, reserved 1179648K
  class space    used 14218K, committed 14592K, reserved 1048576K
}
Event: 29.471 GC heap before
{Heap before GC invocations=36 (full 0):
 garbage-first heap   total 235520K, used 116552K [0x0000000080000000, 0x0000000100000000)
  region size 1024K, 11 young (11264K), 10 survivors (10240K)
 Metaspace       used 104828K, committed 105600K, reserved 1179648K
  class space    used 14218K, committed 14592K, reserved 1048576K
}
Event: 29.479 GC heap after
{Heap after GC invocations=37 (full 0):
 garbage-first heap   total 235520K, used 114935K [0x0000000080000000, 0x0000000100000000)
  region size 1024K, 2 young (2048K), 2 survivors (2048K)
 Metaspace       used 104828K, committed 105600K, reserved 1179648K
  class space    used 14218K, committed 14592K, reserved 1048576K
}
Event: 30.960 GC heap before
{Heap before GC invocations=37 (full 0):
 garbage-first heap   total 235520K, used 193783K [0x0000000080000000, 0x0000000100000000)
  region size 1024K, 75 young (76800K), 2 survivors (2048K)
 Metaspace       used 110937K, committed 111744K, reserved 1179648K
  class space    used 14899K, committed 15360K, reserved 1048576K
}
Event: 30.970 GC heap after
{Heap after GC invocations=38 (full 0):
 garbage-first heap   total 235520K, used 118162K [0x0000000080000000, 0x0000000100000000)
  region size 1024K, 5 young (5120K), 5 survivors (5120K)
 Metaspace       used 110937K, committed 111744K, reserved 1179648K
  class space    used 14899K, committed 15360K, reserved 1048576K
}
Event: 32.844 GC heap before
{Heap before GC invocations=38 (full 0):
 garbage-first heap   total 235520K, used 198034K [0x0000000080000000, 0x0000000100000000)
  region size 1024K, 77 young (78848K), 5 survivors (5120K)
 Metaspace       used 115089K, committed 115904K, reserved 1179648K
  class space    used 15322K, committed 15744K, reserved 1048576K
}
Event: 32.864 GC heap after
{Heap after GC invocations=39 (full 0):
 garbage-first heap   total 235520K, used 136774K [0x0000000080000000, 0x0000000100000000)
  region size 1024K, 10 young (10240K), 10 survivors (10240K)
 Metaspace       used 115089K, committed 115904K, reserved 1179648K
  class space    used 15322K, committed 15744K, reserved 1048576K
}
Event: 34.387 GC heap before
{Heap before GC invocations=39 (full 0):
 garbage-first heap   total 235520K, used 193094K [0x0000000080000000, 0x0000000100000000)
  region size 1024K, 63 young (64512K), 10 survivors (10240K)
 Metaspace       used 126021K, committed 126848K, reserved 1179648K
  class space    used 16598K, committed 17024K, reserved 1048576K
}
Event: 34.400 GC heap after
{Heap after GC invocations=40 (full 0):
 garbage-first heap   total 235520K, used 144173K [0x0000000080000000, 0x0000000100000000)
  region size 1024K, 5 young (5120K), 5 survivors (5120K)
 Metaspace       used 126021K, committed 126848K, reserved 1179648K
  class space    used 16598K, committed 17024K, reserved 1048576K
}
Event: 35.349 GC heap before
{Heap before GC invocations=40 (full 0):
 garbage-first heap   total 235520K, used 194349K [0x0000000080000000, 0x0000000100000000)
  region size 1024K, 54 young (55296K), 5 survivors (5120K)
 Metaspace       used 128974K, committed 129792K, reserved 1179648K
  class space    used 16972K, committed 17344K, reserved 1048576K
}
Event: 35.364 GC heap after
{Heap after GC invocations=41 (full 0):
 garbage-first heap   total 235520K, used 171605K [0x0000000080000000, 0x0000000100000000)
  region size 1024K, 7 young (7168K), 7 survivors (7168K)
 Metaspace       used 128974K, committed 129792K, reserved 1179648K
  class space    used 16972K, committed 17344K, reserved 1048576K
}
Event: 35.468 GC heap before
{Heap before GC invocations=41 (full 0):
 garbage-first heap   total 235520K, used 187989K [0x0000000080000000, 0x0000000100000000)
  region size 1024K, 23 young (23552K), 7 survivors (7168K)
 Metaspace       used 128976K, committed 129792K, reserved 1179648K
  class space    used 16972K, committed 17344K, reserved 1048576K
}
Event: 35.488 GC heap after
{Heap after GC invocations=42 (full 0):
 garbage-first heap   total 235520K, used 188375K [0x0000000080000000, 0x0000000100000000)
  region size 1024K, 3 young (3072K), 3 survivors (3072K)
 Metaspace       used 128976K, committed 129792K, reserved 1179648K
  class space    used 16972K, committed 17344K, reserved 1048576K
}
Event: 35.553 GC heap before
{Heap before GC invocations=42 (full 0):
 garbage-first heap   total 235520K, used 196567K [0x0000000080000000, 0x0000000100000000)
  region size 1024K, 11 young (11264K), 3 survivors (3072K)
 Metaspace       used 128976K, committed 129792K, reserved 1179648K
  class space    used 16972K, committed 17344K, reserved 1048576K
}
Event: 35.562 GC heap after
{Heap after GC invocations=43 (full 0):
 garbage-first heap   total 235520K, used 198606K [0x0000000080000000, 0x0000000100000000)
  region size 1024K, 2 young (2048K), 2 survivors (2048K)
 Metaspace       used 128976K, committed 129792K, reserved 1179648K
  class space    used 16972K, committed 17344K, reserved 1048576K
}
Event: 35.777 GC heap before
{Heap before GC invocations=43 (full 0):
 garbage-first heap   total 347136K, used 206798K [0x0000000080000000, 0x0000000100000000)
  region size 1024K, 11 young (11264K), 2 survivors (2048K)
 Metaspace       used 129591K, committed 130432K, reserved 1179648K
  class space    used 17054K, committed 17472K, reserved 1048576K
}

