# JRE version: OpenJDK Runtime Environment (17.0.10) (build 17.0.10+0--11609105)
# Java VM: OpenJDK 64-Bit Server VM (17.0.10+0--11609105, mixed mode, tiered, compressed oops, compressed class ptrs, g1 gc, windows-amd64)
GC Precious Log:
 CPUs: 8 total, 8 available
 Memory: 7502M
 Large Page Support: Disabled
 NUMA Support: Disabled
 Compressed Oops: Enabled (32-bit)
 Heap Region Size: 1M
 Heap Min Capacity: 8M
 Heap Initial Capacity: 118M
 Heap Max Capacity: 2G
 Pre-touch: Disabled
 Parallel Workers: 8
 Concurrent Workers: 2
 Concurrent Refinement Workers: 8
 Periodic GC: Disabled
Heap:
 garbage-first heap   total 269312K, used 165742K [0x0000000080000000, 0x0000000100000000)
  region size 1024K, 84 young (86016K), 14 survivors (14336K)
 Metaspace       used 135241K, committed 136256K, reserved 1179648K
  class space    used 18287K, committed 18816K, reserved 1048576K
GC Heap History (20 events):
Event: 16.385 GC heap before
{Heap before GC invocations=39 (full 0):
 garbage-first heap   total 269312K, used 209603K [0x0000000080000000, 0x0000000100000000)
  region size 1024K, 115 young (117760K), 1 survivors (1024K)
 Metaspace       used 104788K, committed 105536K, reserved 1179648K
  class space    used 14248K, committed 14592K, reserved 1048576K
}
Event: 16.393 GC heap after
{Heap after GC invocations=40 (full 0):
 garbage-first heap   total 269312K, used 101140K [0x0000000080000000, 0x0000000100000000)
  region size 1024K, 9 young (9216K), 9 survivors (9216K)
 Metaspace       used 104788K, committed 105536K, reserved 1179648K
  class space    used 14248K, committed 14592K, reserved 1048576K
}
Event: 17.223 GC heap before
{Heap before GC invocations=40 (full 0):
 garbage-first heap   total 269312K, used 210708K [0x0000000080000000, 0x0000000100000000)
  region size 1024K, 117 young (119808K), 9 survivors (9216K)
 Metaspace       used 105404K, committed 106112K, reserved 1179648K
  class space    used 14334K, committed 14656K, reserved 1048576K
}
Event: 17.232 GC heap after
{Heap after GC invocations=41 (full 0):
 garbage-first heap   total 269312K, used 107629K [0x0000000080000000, 0x0000000100000000)
  region size 1024K, 9 young (9216K), 9 survivors (9216K)
 Metaspace       used 105404K, committed 106112K, reserved 1179648K
  class space    used 14334K, committed 14656K, reserved 1048576K
}
Event: 18.396 GC heap before
{Heap before GC invocations=41 (full 0):
 garbage-first heap   total 269312K, used 214125K [0x0000000080000000, 0x0000000100000000)
  region size 1024K, 114 young (116736K), 9 survivors (9216K)
 Metaspace       used 108816K, committed 109568K, reserved 1179648K
  class space    used 14784K, committed 15168K, reserved 1048576K
}
Event: 18.405 GC heap after
{Heap after GC invocations=42 (full 0):
 garbage-first heap   total 269312K, used 114688K [0x0000000080000000, 0x0000000100000000)
  region size 1024K, 9 young (9216K), 9 survivors (9216K)
 Metaspace       used 108816K, committed 109568K, reserved 1179648K
  class space    used 14784K, committed 15168K, reserved 1048576K
}
Event: 28.922 GC heap before
{Heap before GC invocations=42 (full 0):
 garbage-first heap   total 269312K, used 216064K [0x0000000080000000, 0x0000000100000000)
  region size 1024K, 109 young (111616K), 9 survivors (9216K)
 Metaspace       used 114675K, committed 115520K, reserved 1179648K
  class space    used 15615K, committed 16000K, reserved 1048576K
}
Event: 28.932 GC heap after
{Heap after GC invocations=43 (full 0):
 garbage-first heap   total 269312K, used 119825K [0x0000000080000000, 0x0000000100000000)
  region size 1024K, 8 young (8192K), 8 survivors (8192K)
 Metaspace       used 114675K, committed 115520K, reserved 1179648K
  class space    used 15615K, committed 16000K, reserved 1048576K
}
Event: 30.211 GC heap before
{Heap before GC invocations=43 (full 0):
 garbage-first heap   total 269312K, used 217105K [0x0000000080000000, 0x0000000100000000)
  region size 1024K, 104 young (106496K), 8 survivors (8192K)
 Metaspace       used 127093K, committed 128000K, reserved 1179648K
  class space    used 17641K, committed 18112K, reserved 1048576K
}
Event: 30.221 GC heap after
{Heap after GC invocations=44 (full 0):
 garbage-first heap   total 269312K, used 124587K [0x0000000080000000, 0x0000000100000000)
  region size 1024K, 12 young (12288K), 12 survivors (12288K)
 Metaspace       used 127093K, committed 128000K, reserved 1179648K
  class space    used 17641K, committed 18112K, reserved 1048576K
}
Event: 118.402 GC heap before
{Heap before GC invocations=44 (full 0):
 garbage-first heap   total 269312K, used 233131K [0x0000000080000000, 0x0000000100000000)
  region size 1024K, 105 young (107520K), 12 survivors (12288K)
 Metaspace       used 133305K, committed 134272K, reserved 1179648K
  class space    used 18265K, committed 18752K, reserved 1048576K
}
Event: 118.424 GC heap after
{Heap after GC invocations=45 (full 0):
 garbage-first heap   total 269312K, used 131592K [0x0000000080000000, 0x0000000100000000)
  region size 1024K, 14 young (14336K), 14 survivors (14336K)
 Metaspace       used 133305K, committed 134272K, reserved 1179648K
  class space    used 18265K, committed 18752K, reserved 1048576K
}
Event: 124.309 GC heap before
{Heap before GC invocations=45 (full 0):
 garbage-first heap   total 269312K, used 218632K [0x0000000080000000, 0x0000000100000000)
  region size 1024K, 100 young (102400K), 14 survivors (14336K)
 Metaspace       used 133731K, committed 134656K, reserved 1179648K
  class space    used 18282K, committed 18752K, reserved 1048576K
}
Event: 124.329 GC heap after
{Heap after GC invocations=46 (full 0):
 garbage-first heap   total 269312K, used 139997K [0x0000000080000000, 0x0000000100000000)
  region size 1024K, 9 young (9216K), 9 survivors (9216K)
 Metaspace       used 133731K, committed 134656K, reserved 1179648K
  class space    used 18282K, committed 18752K, reserved 1048576K
}
Event: 2231.453 GC heap before
{Heap before GC invocations=46 (full 0):
 garbage-first heap   total 269312K, used 233181K [0x0000000080000000, 0x0000000100000000)
  region size 1024K, 87 young (89088K), 9 survivors (9216K)
 Metaspace       used 134585K, committed 135552K, reserved 1179648K
  class space    used 18299K, committed 18816K, reserved 1048576K
}
Event: 2231.485 GC heap after
{Heap after GC invocations=47 (full 0):
 garbage-first heap   total 269312K, used 140174K [0x0000000080000000, 0x0000000100000000)
  region size 1024K, 2 young (2048K), 2 survivors (2048K)
 Metaspace       used 134585K, committed 135552K, reserved 1179648K
  class space    used 18299K, committed 18816K, reserved 1048576K
}
Event: 3614.803 GC heap before
{Heap before GC invocations=47 (full 0):
 garbage-first heap   total 269312K, used 165774K [0x0000000080000000, 0x0000000100000000)
  region size 1024K, 28 young (28672K), 2 survivors (2048K)
 Metaspace       used 134639K, committed 135680K, reserved 1179648K
  class space    used 18299K, committed 18816K, reserved 1048576K
}
Event: 3615.234 GC heap after
{Heap after GC invocations=48 (full 1):
 garbage-first heap   total 269312K, used 82672K [0x0000000080000000, 0x0000000100000000)
  region size 1024K, 0 young (0K), 0 survivors (0K)
 Metaspace       used 133642K, committed 135680K, reserved 1179648K
  class space    used 18095K, committed 18816K, reserved 1048576K
}
Event: 4393.560 GC heap before
{Heap before GC invocations=48 (full 1):
 garbage-first heap   total 269312K, used 212720K [0x0000000080000000, 0x0000000100000000)
  region size 1024K, 128 young (131072K), 0 survivors (0K)
 Metaspace       used 134438K, committed 135744K, reserved 1179648K
  class space    used 18195K, committed 18816K, reserved 1048576K
}
Event: 4393.598 GC heap after
{Heap after GC invocations=49 (full 1):
 garbage-first heap   total 269312K, used 96110K [0x0000000080000000, 0x0000000100000000)
  region size 1024K, 14 young (14336K), 14 survivors (14336K)
 Metaspace       used 134438K, committed 135744K, reserved 1179648K
  class space    used 18195K, committed 18816K, reserved 1048576K
}

