# JRE version: OpenJDK Runtime Environment (17.0.6) (build 17.0.6+0-b2043.56-10027231)
# Java VM: OpenJDK 64-Bit Server VM (17.0.6+0-b2043.56-10027231, mixed mode, tiered, compressed oops, compressed class ptrs, g1 gc, windows-amd64)
GC Precious Log:
 CPUs: 8 total, 8 available
 Memory: 7502M
 Large Page Support: Disabled
 NUMA Support: Disabled
 Compressed Oops: Enabled (32-bit)
 Heap Region Size: 1M
 Heap Min Capacity: 8M
 Heap Initial Capacity: 118M
 Heap Max Capacity: 2G
 Pre-touch: Disabled
 Parallel Workers: 8
 Concurrent Workers: 2
 Concurrent Refinement Workers: 8
 Periodic GC: Disabled
Heap:
 garbage-first heap   total 236544K, used 108954K [0x0000000080000000, 0x0000000100000000)
  region size 1024K, 2 young (2048K), 2 survivors (2048K)
 Metaspace       used 110299K, committed 111104K, reserved 1146880K
  class space    used 14681K, committed 15040K, reserved 1048576K
GC Heap History (20 events):
Event: 19.883 GC heap after
{Heap after GC invocations=33 (full 0):
 garbage-first heap   total 130048K, used 72423K [0x0000000080000000, 0x0000000100000000)
  region size 1024K, 5 young (5120K), 5 survivors (5120K)
 Metaspace       used 82143K, committed 82688K, reserved 1122304K
  class space    used 10822K, committed 11072K, reserved 1048576K
}
Event: 19.894 GC heap before
{Heap before GC invocations=33 (full 0):
 garbage-first heap   total 130048K, used 73447K [0x0000000080000000, 0x0000000100000000)
  region size 1024K, 6 young (6144K), 5 survivors (5120K)
 Metaspace       used 82143K, committed 82688K, reserved 1122304K
  class space    used 10822K, committed 11072K, reserved 1048576K
}
Event: 19.900 GC heap after
{Heap after GC invocations=34 (full 0):
 garbage-first heap   total 236544K, used 72527K [0x0000000080000000, 0x0000000100000000)
  region size 1024K, 1 young (1024K), 1 survivors (1024K)
 Metaspace       used 82143K, committed 82688K, reserved 1122304K
  class space    used 10822K, committed 11072K, reserved 1048576K
}
Event: 20.585 GC heap before
{Heap before GC invocations=34 (full 0):
 garbage-first heap   total 236544K, used 104271K [0x0000000080000000, 0x0000000100000000)
  region size 1024K, 33 young (33792K), 1 survivors (1024K)
 Metaspace       used 84589K, committed 85120K, reserved 1130496K
  class space    used 11157K, committed 11392K, reserved 1048576K
}
Event: 20.591 GC heap after
{Heap after GC invocations=35 (full 0):
 garbage-first heap   total 236544K, used 74983K [0x0000000080000000, 0x0000000100000000)
  region size 1024K, 4 young (4096K), 4 survivors (4096K)
 Metaspace       used 84589K, committed 85120K, reserved 1130496K
  class space    used 11157K, committed 11392K, reserved 1048576K
}
Event: 23.023 GC heap before
{Heap before GC invocations=36 (full 0):
 garbage-first heap   total 236544K, used 173287K [0x0000000080000000, 0x0000000100000000)
  region size 1024K, 99 young (101376K), 4 survivors (4096K)
 Metaspace       used 94393K, committed 94976K, reserved 1138688K
  class space    used 12697K, committed 12992K, reserved 1048576K
}
Event: 23.039 GC heap after
{Heap after GC invocations=37 (full 0):
 garbage-first heap   total 236544K, used 83985K [0x0000000080000000, 0x0000000100000000)
  region size 1024K, 13 young (13312K), 13 survivors (13312K)
 Metaspace       used 94393K, committed 94976K, reserved 1138688K
  class space    used 12697K, committed 12992K, reserved 1048576K
}
Event: 23.076 GC heap before
{Heap before GC invocations=37 (full 0):
 garbage-first heap   total 236544K, used 85009K [0x0000000080000000, 0x0000000100000000)
  region size 1024K, 14 young (14336K), 13 survivors (13312K)
 Metaspace       used 94595K, committed 95168K, reserved 1138688K
  class space    used 12720K, committed 12992K, reserved 1048576K
}
Event: 23.088 GC heap after
{Heap after GC invocations=38 (full 0):
 garbage-first heap   total 236544K, used 83702K [0x0000000080000000, 0x0000000100000000)
  region size 1024K, 2 young (2048K), 2 survivors (2048K)
 Metaspace       used 94595K, committed 95168K, reserved 1138688K
  class space    used 12720K, committed 12992K, reserved 1048576K
}
Event: 23.108 GC heap before
{Heap before GC invocations=38 (full 0):
 garbage-first heap   total 236544K, used 83702K [0x0000000080000000, 0x0000000100000000)
  region size 1024K, 4 young (4096K), 2 survivors (2048K)
 Metaspace       used 94727K, committed 95424K, reserved 1138688K
  class space    used 12737K, committed 13056K, reserved 1048576K
}
Event: 23.111 GC heap after
{Heap after GC invocations=39 (full 0):
 garbage-first heap   total 236544K, used 83375K [0x0000000080000000, 0x0000000100000000)
  region size 1024K, 1 young (1024K), 1 survivors (1024K)
 Metaspace       used 94727K, committed 95424K, reserved 1138688K
  class space    used 12737K, committed 13056K, reserved 1048576K
}
Event: 32.161 GC heap before
{Heap before GC invocations=40 (full 0):
 garbage-first heap   total 236544K, used 184751K [0x0000000080000000, 0x0000000100000000)
  region size 1024K, 100 young (102400K), 1 survivors (1024K)
 Metaspace       used 101162K, committed 101824K, reserved 1138688K
  class space    used 13377K, committed 13696K, reserved 1048576K
}
Event: 32.167 GC heap after
{Heap after GC invocations=41 (full 0):
 garbage-first heap   total 236544K, used 86120K [0x0000000080000000, 0x0000000100000000)
  region size 1024K, 4 young (4096K), 4 survivors (4096K)
 Metaspace       used 101162K, committed 101824K, reserved 1138688K
  class space    used 13377K, committed 13696K, reserved 1048576K
}
Event: 32.274 GC heap before
{Heap before GC invocations=41 (full 0):
 garbage-first heap   total 236544K, used 92264K [0x0000000080000000, 0x0000000100000000)
  region size 1024K, 11 young (11264K), 4 survivors (4096K)
 Metaspace       used 101271K, committed 101952K, reserved 1138688K
  class space    used 13383K, committed 13760K, reserved 1048576K
}
Event: 32.279 GC heap after
{Heap after GC invocations=42 (full 0):
 garbage-first heap   total 236544K, used 85498K [0x0000000080000000, 0x0000000100000000)
  region size 1024K, 2 young (2048K), 2 survivors (2048K)
 Metaspace       used 101271K, committed 101952K, reserved 1138688K
  class space    used 13383K, committed 13760K, reserved 1048576K
}
Event: 34.507 GC heap before
{Heap before GC invocations=42 (full 0):
 garbage-first heap   total 236544K, used 187898K [0x0000000080000000, 0x0000000100000000)
  region size 1024K, 102 young (104448K), 2 survivors (2048K)
 Metaspace       used 108686K, committed 109440K, reserved 1146880K
  class space    used 14407K, committed 14784K, reserved 1048576K
}
Event: 34.522 GC heap after
{Heap after GC invocations=43 (full 0):
 garbage-first heap   total 236544K, used 95634K [0x0000000080000000, 0x0000000100000000)
  region size 1024K, 12 young (12288K), 12 survivors (12288K)
 Metaspace       used 108686K, committed 109440K, reserved 1146880K
  class space    used 14407K, committed 14784K, reserved 1048576K
}
Event: 35.762 GC heap before
{Heap before GC invocations=44 (full 0):
 garbage-first heap   total 236544K, used 188818K [0x0000000080000000, 0x0000000100000000)
  region size 1024K, 103 young (105472K), 12 survivors (12288K)
 Metaspace       used 110298K, committed 111104K, reserved 1146880K
  class space    used 14681K, committed 15040K, reserved 1048576K
}
Event: 35.782 GC heap after
{Heap after GC invocations=45 (full 0):
 garbage-first heap   total 236544K, used 108609K [0x0000000080000000, 0x0000000100000000)
  region size 1024K, 13 young (13312K), 13 survivors (13312K)
 Metaspace       used 110298K, committed 111104K, reserved 1146880K
  class space    used 14681K, committed 15040K, reserved 1048576K
}
Event: 35.789 GC heap before
{Heap before GC invocations=45 (full 0):
 garbage-first heap   total 236544K, used 109633K [0x0000000080000000, 0x0000000100000000)
  region size 1024K, 14 young (14336K), 13 survivors (13312K)
 Metaspace       used 110299K, committed 111104K, reserved 1146880K
  class space    used 14681K, committed 15040K, reserved 1048576K
}

