# JRE version: OpenJDK Runtime Environment (17.0.6) (build 17.0.6+0-b2043.56-10027231)
# Java VM: OpenJDK 64-Bit Server VM (17.0.6+0-b2043.56-10027231, mixed mode, tiered, compressed oops, compressed class ptrs, g1 gc, windows-amd64)
GC Precious Log:
 CPUs: 8 total, 8 available
 Memory: 7502M
 Large Page Support: Disabled
 NUMA Support: Disabled
 Compressed Oops: Enabled (32-bit)
 Heap Region Size: 1M
 Heap Min Capacity: 8M
 Heap Initial Capacity: 118M
 Heap Max Capacity: 1876M
 Pre-touch: Disabled
 Parallel Workers: 8
 Concurrent Workers: 2
 Concurrent Refinement Workers: 8
 Periodic GC: Disabled
Heap:
 garbage-first heap   total 57344K, used 27886K [0x000000008ac00000, 0x0000000100000000)
  region size 1024K, 3 young (3072K), 3 survivors (3072K)
 Metaspace       used 47182K, committed 47360K, reserved 1097728K
  class space    used 5754K, committed 5824K, reserved 1048576K
GC Heap History (20 events):
Event: 1.273 GC heap after
{Heap after GC invocations=1 (full 0):
 garbage-first heap   total 120832K, used 6784K [0x000000008ac00000, 0x0000000100000000)
  region size 1024K, 3 young (3072K), 3 survivors (3072K)
 Metaspace       used 13329K, committed 13440K, reserved 1064960K
  class space    used 1288K, committed 1344K, reserved 1048576K
}
Event: 2.262 GC heap before
{Heap before GC invocations=1 (full 0):
 garbage-first heap   total 120832K, used 38528K [0x000000008ac00000, 0x0000000100000000)
  region size 1024K, 35 young (35840K), 3 survivors (3072K)
 Metaspace       used 21380K, committed 21504K, reserved 1073152K
  class space    used 2389K, committed 2432K, reserved 1048576K
}
Event: 2.279 GC heap after
{Heap after GC invocations=2 (full 0):
 garbage-first heap   total 120832K, used 10324K [0x000000008ac00000, 0x0000000100000000)
  region size 1024K, 4 young (4096K), 4 survivors (4096K)
 Metaspace       used 21380K, committed 21504K, reserved 1073152K
  class space    used 2389K, committed 2432K, reserved 1048576K
}
Event: 2.813 GC heap before
{Heap before GC invocations=3 (full 0):
 garbage-first heap   total 40960K, used 30804K [0x000000008ac00000, 0x0000000100000000)
  region size 1024K, 24 young (24576K), 4 survivors (4096K)
 Metaspace       used 27326K, committed 27584K, reserved 1081344K
  class space    used 3152K, committed 3264K, reserved 1048576K
}
Event: 2.824 GC heap after
{Heap after GC invocations=4 (full 0):
 garbage-first heap   total 40960K, used 11246K [0x000000008ac00000, 0x0000000100000000)
  region size 1024K, 1 young (1024K), 1 survivors (1024K)
 Metaspace       used 27326K, committed 27584K, reserved 1081344K
  class space    used 3152K, committed 3264K, reserved 1048576K
}
Event: 2.863 GC heap before
{Heap before GC invocations=4 (full 0):
 garbage-first heap   total 40960K, used 12270K [0x000000008ac00000, 0x0000000100000000)
  region size 1024K, 2 young (2048K), 1 survivors (1024K)
 Metaspace       used 27701K, committed 27904K, reserved 1081344K
  class space    used 3207K, committed 3328K, reserved 1048576K
}
Event: 2.868 GC heap after
{Heap after GC invocations=5 (full 0):
 garbage-first heap   total 40960K, used 11550K [0x000000008ac00000, 0x0000000100000000)
  region size 1024K, 1 young (1024K), 1 survivors (1024K)
 Metaspace       used 27701K, committed 27904K, reserved 1081344K
  class space    used 3207K, committed 3328K, reserved 1048576K
}
Event: 3.426 GC heap before
{Heap before GC invocations=5 (full 0):
 garbage-first heap   total 40960K, used 33054K [0x000000008ac00000, 0x0000000100000000)
  region size 1024K, 20 young (20480K), 1 survivors (1024K)
 Metaspace       used 30463K, committed 30720K, reserved 1081344K
  class space    used 3802K, committed 3904K, reserved 1048576K
}
Event: 3.438 GC heap after
{Heap after GC invocations=6 (full 0):
 garbage-first heap   total 40960K, used 18108K [0x000000008ac00000, 0x0000000100000000)
  region size 1024K, 3 young (3072K), 3 survivors (3072K)
 Metaspace       used 30463K, committed 30720K, reserved 1081344K
  class space    used 3802K, committed 3904K, reserved 1048576K
}
Event: 3.775 GC heap before
{Heap before GC invocations=6 (full 0):
 garbage-first heap   total 40960K, used 30396K [0x000000008ac00000, 0x0000000100000000)
  region size 1024K, 15 young (15360K), 3 survivors (3072K)
 Metaspace       used 34322K, committed 34560K, reserved 1081344K
  class space    used 4435K, committed 4544K, reserved 1048576K
}
Event: 3.785 GC heap after
{Heap after GC invocations=7 (full 0):
 garbage-first heap   total 57344K, used 19009K [0x000000008ac00000, 0x0000000100000000)
  region size 1024K, 1 young (1024K), 1 survivors (1024K)
 Metaspace       used 34322K, committed 34560K, reserved 1081344K
  class space    used 4435K, committed 4544K, reserved 1048576K
}
Event: 3.986 GC heap before
{Heap before GC invocations=7 (full 0):
 garbage-first heap   total 57344K, used 26177K [0x000000008ac00000, 0x0000000100000000)
  region size 1024K, 10 young (10240K), 1 survivors (1024K)
 Metaspace       used 35788K, committed 35968K, reserved 1081344K
  class space    used 4603K, committed 4672K, reserved 1048576K
}
Event: 3.991 GC heap after
{Heap after GC invocations=8 (full 0):
 garbage-first heap   total 57344K, used 18397K [0x000000008ac00000, 0x0000000100000000)
  region size 1024K, 3 young (3072K), 3 survivors (3072K)
 Metaspace       used 35788K, committed 35968K, reserved 1081344K
  class space    used 4603K, committed 4672K, reserved 1048576K
}
Event: 4.416 GC heap before
{Heap before GC invocations=9 (full 0):
 garbage-first heap   total 57344K, used 37853K [0x000000008ac00000, 0x0000000100000000)
  region size 1024K, 23 young (23552K), 3 survivors (3072K)
 Metaspace       used 39730K, committed 39936K, reserved 1089536K
  class space    used 4977K, committed 5056K, reserved 1048576K
}
Event: 4.426 GC heap after
{Heap after GC invocations=10 (full 0):
 garbage-first heap   total 57344K, used 20315K [0x000000008ac00000, 0x0000000100000000)
  region size 1024K, 3 young (3072K), 3 survivors (3072K)
 Metaspace       used 39730K, committed 39936K, reserved 1089536K
  class space    used 4977K, committed 5056K, reserved 1048576K
}
Event: 4.454 GC heap before
{Heap before GC invocations=10 (full 0):
 garbage-first heap   total 57344K, used 21339K [0x000000008ac00000, 0x0000000100000000)
  region size 1024K, 4 young (4096K), 3 survivors (3072K)
 Metaspace       used 40058K, committed 40256K, reserved 1089536K
  class space    used 4998K, committed 5056K, reserved 1048576K
}
Event: 4.461 GC heap after
{Heap after GC invocations=11 (full 0):
 garbage-first heap   total 57344K, used 19864K [0x000000008ac00000, 0x0000000100000000)
  region size 1024K, 1 young (1024K), 1 survivors (1024K)
 Metaspace       used 40058K, committed 40256K, reserved 1089536K
  class space    used 4998K, committed 5056K, reserved 1048576K
}
Event: 5.199 GC heap before
{Heap before GC invocations=11 (full 0):
 garbage-first heap   total 57344K, used 40344K [0x000000008ac00000, 0x0000000100000000)
  region size 1024K, 21 young (21504K), 1 survivors (1024K)
 Metaspace       used 45104K, committed 45312K, reserved 1089536K
  class space    used 5546K, committed 5632K, reserved 1048576K
}
Event: 5.207 GC heap after
{Heap after GC invocations=12 (full 0):
 garbage-first heap   total 57344K, used 21237K [0x000000008ac00000, 0x0000000100000000)
  region size 1024K, 2 young (2048K), 2 survivors (2048K)
 Metaspace       used 45104K, committed 45312K, reserved 1089536K
  class space    used 5546K, committed 5632K, reserved 1048576K
}
Event: 5.688 GC heap before
{Heap before GC invocations=12 (full 0):
 garbage-first heap   total 57344K, used 43765K [0x000000008ac00000, 0x0000000100000000)
  region size 1024K, 22 young (22528K), 2 survivors (2048K)
 Metaspace       used 47182K, committed 47360K, reserved 1097728K
  class space    used 5754K, committed 5824K, reserved 1048576K
}

