# JRE version: OpenJDK Runtime Environment (17.0.10) (build 17.0.10+0--11609105)
# Java VM: OpenJDK 64-Bit Server VM (17.0.10+0--11609105, mixed mode, tiered, compressed oops, compressed class ptrs, g1 gc, windows-amd64)
GC Precious Log:
 CPUs: 8 total, 8 available
 Memory: 7502M
 Large Page Support: Disabled
 NUMA Support: Disabled
 Compressed Oops: Enabled (32-bit)
 Heap Region Size: 1M
 Heap Min Capacity: 8M
 Heap Initial Capacity: 118M
 Heap Max Capacity: 2G
 Pre-touch: Disabled
 Parallel Workers: 8
 Concurrent Workers: 2
 Concurrent Refinement Workers: 8
 Periodic GC: Disabled
Heap:
 garbage-first heap   total 327680K, used 315578K [0x0000000080000000, 0x0000000100000000)
  region size 1024K, 2 young (2048K), 2 survivors (2048K)
 Metaspace       used 157740K, committed 158976K, reserved 1245184K
  class space    used 20715K, committed 21312K, reserved 1048576K
GC Heap History (20 events):
Event: 1949.915 GC heap after
{Heap after GC invocations=71 (full 0):
 garbage-first heap   total 327680K, used 227799K [0x0000000080000000, 0x0000000100000000)
  region size 1024K, 5 young (5120K), 5 survivors (5120K)
 Metaspace       used 141000K, committed 142080K, reserved 1179648K
  class space    used 18826K, committed 19328K, reserved 1048576K
}
Event: 1950.221 GC heap before
{Heap before GC invocations=71 (full 0):
 garbage-first heap   total 327680K, used 277975K [0x0000000080000000, 0x0000000100000000)
  region size 1024K, 55 young (56320K), 5 survivors (5120K)
 Metaspace       used 141344K, committed 142400K, reserved 1179648K
  class space    used 18894K, committed 19392K, reserved 1048576K
}
Event: 1950.235 GC heap after
{Heap after GC invocations=72 (full 0):
 garbage-first heap   total 327680K, used 230775K [0x0000000080000000, 0x0000000100000000)
  region size 1024K, 5 young (5120K), 5 survivors (5120K)
 Metaspace       used 141344K, committed 142400K, reserved 1179648K
  class space    used 18894K, committed 19392K, reserved 1048576K
}
Event: 1960.783 GC heap before
{Heap before GC invocations=72 (full 0):
 garbage-first heap   total 327680K, used 280951K [0x0000000080000000, 0x0000000100000000)
  region size 1024K, 53 young (54272K), 5 survivors (5120K)
 Metaspace       used 142231K, committed 143360K, reserved 1179648K
  class space    used 19031K, committed 19584K, reserved 1048576K
}
Event: 1960.807 GC heap after
{Heap after GC invocations=73 (full 0):
 garbage-first heap   total 327680K, used 240239K [0x0000000080000000, 0x0000000100000000)
  region size 1024K, 7 young (7168K), 7 survivors (7168K)
 Metaspace       used 142231K, committed 143360K, reserved 1179648K
  class space    used 19031K, committed 19584K, reserved 1048576K
}
Event: 1961.747 GC heap before
{Heap before GC invocations=73 (full 0):
 garbage-first heap   total 327680K, used 278127K [0x0000000080000000, 0x0000000100000000)
  region size 1024K, 42 young (43008K), 7 survivors (7168K)
 Metaspace       used 148627K, committed 149760K, reserved 1179648K
  class space    used 19729K, committed 20288K, reserved 1048576K
}
Event: 1961.754 GC heap after
{Heap after GC invocations=74 (full 0):
 garbage-first heap   total 327680K, used 240823K [0x0000000080000000, 0x0000000100000000)
  region size 1024K, 3 young (3072K), 3 survivors (3072K)
 Metaspace       used 148627K, committed 149760K, reserved 1179648K
  class space    used 19729K, committed 20288K, reserved 1048576K
}
Event: 1962.537 GC heap before
{Heap before GC invocations=74 (full 0):
 garbage-first heap   total 327680K, used 280759K [0x0000000080000000, 0x0000000100000000)
  region size 1024K, 39 young (39936K), 3 survivors (3072K)
 Metaspace       used 151187K, committed 152384K, reserved 1245184K
  class space    used 20038K, committed 20672K, reserved 1048576K
}
Event: 1962.544 GC heap after
{Heap after GC invocations=75 (full 0):
 garbage-first heap   total 327680K, used 250995K [0x0000000080000000, 0x0000000100000000)
  region size 1024K, 5 young (5120K), 5 survivors (5120K)
 Metaspace       used 151187K, committed 152384K, reserved 1245184K
  class space    used 20038K, committed 20672K, reserved 1048576K
}
Event: 1963.052 GC heap before
{Heap before GC invocations=75 (full 0):
 garbage-first heap   total 327680K, used 278643K [0x0000000080000000, 0x0000000100000000)
  region size 1024K, 31 young (31744K), 5 survivors (5120K)
 Metaspace       used 154490K, committed 155776K, reserved 1245184K
  class space    used 20301K, committed 20928K, reserved 1048576K
}
Event: 1963.061 GC heap after
{Heap after GC invocations=76 (full 0):
 garbage-first heap   total 327680K, used 256192K [0x0000000080000000, 0x0000000100000000)
  region size 1024K, 4 young (4096K), 4 survivors (4096K)
 Metaspace       used 154490K, committed 155776K, reserved 1245184K
  class space    used 20301K, committed 20928K, reserved 1048576K
}
Event: 1963.570 GC heap before
{Heap before GC invocations=76 (full 0):
 garbage-first heap   total 327680K, used 278720K [0x0000000080000000, 0x0000000100000000)
  region size 1024K, 27 young (27648K), 4 survivors (4096K)
 Metaspace       used 157094K, committed 158272K, reserved 1245184K
  class space    used 20647K, committed 21248K, reserved 1048576K
}
Event: 1963.580 GC heap after
{Heap after GC invocations=77 (full 0):
 garbage-first heap   total 327680K, used 269980K [0x0000000080000000, 0x0000000100000000)
  region size 1024K, 4 young (4096K), 4 survivors (4096K)
 Metaspace       used 157094K, committed 158272K, reserved 1245184K
  class space    used 20647K, committed 21248K, reserved 1048576K
}
Event: 1963.710 GC heap before
{Heap before GC invocations=77 (full 0):
 garbage-first heap   total 327680K, used 281244K [0x0000000080000000, 0x0000000100000000)
  region size 1024K, 16 young (16384K), 4 survivors (4096K)
 Metaspace       used 157191K, committed 158400K, reserved 1245184K
  class space    used 20652K, committed 21248K, reserved 1048576K
}
Event: 1963.716 GC heap after
{Heap after GC invocations=78 (full 0):
 garbage-first heap   total 327680K, used 282396K [0x0000000080000000, 0x0000000100000000)
  region size 1024K, 2 young (2048K), 2 survivors (2048K)
 Metaspace       used 157191K, committed 158400K, reserved 1245184K
  class space    used 20652K, committed 21248K, reserved 1048576K
}
Event: 1963.782 GC heap before
{Heap before GC invocations=78 (full 0):
 garbage-first heap   total 327680K, used 296732K [0x0000000080000000, 0x0000000100000000)
  region size 1024K, 16 young (16384K), 2 survivors (2048K)
 Metaspace       used 157206K, committed 158400K, reserved 1245184K
  class space    used 20652K, committed 21248K, reserved 1048576K
}
Event: 1963.790 GC heap after
{Heap after GC invocations=79 (full 0):
 garbage-first heap   total 327680K, used 297923K [0x0000000080000000, 0x0000000100000000)
  region size 1024K, 2 young (2048K), 2 survivors (2048K)
 Metaspace       used 157206K, committed 158400K, reserved 1245184K
  class space    used 20652K, committed 21248K, reserved 1048576K
}
Event: 1963.840 GC heap before
{Heap before GC invocations=79 (full 0):
 garbage-first heap   total 327680K, used 310211K [0x0000000080000000, 0x0000000100000000)
  region size 1024K, 15 young (15360K), 2 survivors (2048K)
 Metaspace       used 157206K, committed 158400K, reserved 1245184K
  class space    used 20652K, committed 21248K, reserved 1048576K
}
Event: 1963.850 GC heap after
{Heap after GC invocations=80 (full 0):
 garbage-first heap   total 327680K, used 312320K [0x0000000080000000, 0x0000000100000000)
  region size 1024K, 2 young (2048K), 2 survivors (2048K)
 Metaspace       used 157206K, committed 158400K, reserved 1245184K
  class space    used 20652K, committed 21248K, reserved 1048576K
}
Event: 1963.968 GC heap before
{Heap before GC invocations=80 (full 0):
 garbage-first heap   total 327680K, used 317440K [0x0000000080000000, 0x0000000100000000)
  region size 1024K, 8 young (8192K), 2 survivors (2048K)
 Metaspace       used 157740K, committed 158976K, reserved 1245184K
  class space    used 20715K, committed 21312K, reserved 1048576K
}

